[suckhoeda24.xtgem.com/index.html]
[backblue.gif]
[fade.gif]
[index.html]
[w.ladicdn.com_443/5acd7a63d96f54ff291eafee/ssss-20200619081903.jpg]
[w.ladicdn.com/v2/source/ladipage.min8697.js]
[w.ladicdn.com/s768x597/5c7362c6c417ab07e5196b05/rrrrr-1559207734.jpg]
[w.ladicdn.com/s768x2569/5c7362c6c417ab07e5196b05/asset-7-2x-1561448145.png]
[w.ladicdn.com/s500x500/5a9cea1b465a90a46a27ee64/nam-3-20200301173131.jpg]
[w.ladicdn.com/s500x500/5a9cea1b465a90a46a27ee64/laodoa-20200301173326.png]
[w.ladicdn.com/s400x350/5c7362c6c417ab07e5196b05/3uh45-20191122083136.png]
[w.ladicdn.com/s768x1106/5c7362c6c417ab07e5196b05/rrrrr-1559207734.jpg]
[w.ladicdn.com/s768x1289/5c7362c6c417ab07e5196b05/bg-home-20191123061815.jpg]
[w.ladicdn.com/s400x400/5c7362c6c417ab07e5196b05/ic2-20191123034528.png]
[w.ladicdn.com/s400x400/5c7362c6c417ab07e5196b05/ic1-20191123034528.png]
[w.ladicdn.com/s400x400/5c7362c6c417ab07e5196b05/ic4-20191123034528.png]
[w.ladicdn.com/s400x400/5c7362c6c417ab07e5196b05/ic3-20191123034529.png]
[w.ladicdn.com/s768x857/5c7362c6c417ab07e5196b05/ooo-20191123041046.jpg]
[w.ladicdn.com/s500x400/5c7362c6c417ab07e5196b05/3uh45-20191122083136.png]
[w.ladicdn.com/s400x350/5c7362c6c417ab07e5196b05/1-20191122083135.png]
[w.ladicdn.com/s400x350/5c7362c6c417ab07e5196b05/2-20191122083135.png]
[w.ladicdn.com/s400x400/5c7362c6c417ab07e5196b05/seaq23rawefdgb-20191122083136.png]
[w.ladicdn.com/s400x400/5c7362c6c417ab07e5196b05/l1-20191123042027.png]
[w.ladicdn.com/s400x400/5c7362c6c417ab07e5196b05/k1-20191123042027.png]
[w.ladicdn.com/s400x400/5c7362c6c417ab07e5196b05/j1-20191123042026.png]
[w.ladicdn.com/s768x1476/5a9cea1b465a90a46a27ee64/gggggg-20191122083157-20200429175417.jpg]
[w.ladicdn.com/s450x500/5c7362c6c417ab07e5196b05/gw34-20191123044134.png]
[w.ladicdn.com/s450x450/5c7362c6c417ab07e5196b05/q3f4r-20191123044134.png]
[w.ladicdn.com/s500x450/5c7362c6c417ab07e5196b05/2g754t-20191123044506.png]
[w.ladicdn.com/s500x500/5c7362c6c417ab07e5196b05/wg45t-20191123045505.png]
[w.ladicdn.com/s500x450/5c7362c6c417ab07e5196b05/h76ru-20191123064930.png]
[w.ladicdn.com/s450x450/5c7362c6c417ab07e5196b05/h76ru-20191123064930.png]
[w.ladicdn.com/s600x450/5c7362c6c417ab07e5196b05/fffffffffffffff-20191123071911.png]
[w.ladicdn.com/s768x765/5c7362c6c417ab07e5196b05/bg-home-20191123061815.jpg]
[w.ladicdn.com/s800x800/5acd7a63d96f54ff291eafee/thuquynhpngcut-20200618160138.png]
[w.ladicdn.com/5a9cea1b465a90a46a27ee64/newbytunganh-20200229173501.gif]
[w.ladicdn.com/s417x343/5a9cea1b465a90a46a27ee64/pngtree-girls-day-pink-gift-box-vector-banner-background-image_198988-20200229151310.jpg]
[w.ladicdn.com/s700x750/57b167c9ca57d39c18a1c57c/bg-1.png]
[w.ladicdn.com/s400x400/5a9cea1b465a90a46a27ee64/89852874_510720063172757_5134182954787930112_n-20200330200430.jpg]
[w.ladicdn.com/s750x750/5a9cea1b465a90a46a27ee64/pngtreefantasy-beautiful-color-colorful-_1224737-20200429091510.png]
[w.ladicdn.com/s500x500/5c7362c6c417ab07e5196b05/gggggggg-20191122094826.jpg]
[w.ladicdn.com/s500x500/5c7362c6c417ab07e5196b05/ssssss-20191122093439.jpg]
[w.ladicdn.com/5cb88d3ac1b74d75979f9fb5/hehe-1565130731-20200422022655.gif]
[w.ladicdn.com/5cb88d3ac1b74d75979f9fb5/c_users_tun_desktop_kem-merbliss_6016353544128981520-20200309080021-20200422022707.gif]
[w.ladicdn.com/5cb88d3ac1b74d75979f9fb5/test-nuoc-1565113884-20200422022716.gif]
[img.youtube.com/vi/s5JkuEouWIc/hqdefault.jpg]
[w.ladicdn.com/s400x400/5acd7a63d96f54ff291eafee/hbt_242-20200617192459.jpg]
[img.youtube.com/vi/LucWTT6hh7k/hqdefault.jpg]
[w.ladicdn.com/s450x400/5c7362c6c417ab07e5196b05/3uh45-20191122083136.png]
[w.ladicdn.com/s400x400/5acd7a63d96f54ff291eafee/ha-20200619090809.jpg]
[w.ladicdn.com/s550x700/5acd7a63d96f54ff291eafee/11-20200619053038.jpg]
[w.ladicdn.com/s750x650/5acd7a63d96f54ff291eafee/c0acc14efc74012a5865-20200619164539.jpg]
[w.ladicdn.com/s700x700/5acd7a63d96f54ff291eafee/d20a9eedadd7508909c6-20200619165803.jpg]
[w.ladicdn.com/s550x700/5a9cea1b465a90a46a27ee64/no-img-20191009055452.png]
[w.ladicdn.com/5a9cea1b465a90a46a27ee64/responsiblesoftaegeancat-size_restricted-20191009053740.gif]
[w.ladicdn.com/s550x700/5acd7a63d96f54ff291eafee/4b9bbdb5c1823cdc6593-20200619052849.jpg]
[w.ladicdn.com/s550x700/5acd7a63d96f54ff291eafee/5b619345ef72122c4b63-20200619053000.jpg]
[w.ladicdn.com/s750x700/5acd7a63d96f54ff291eafee/fbxc-20200619053156.jpg]
[w.ladicdn.com/s450x450/5c7362c6c417ab07e5196b05/u45ytrgfdc-20191123065947.png]
[w.ladicdn.com/s750x650/5acd7a63d96f54ff291eafee/112-20200612081034-20200618054538.png]
[w.ladicdn.com/s500x450/5acd7a63d96f54ff291eafee/cay-duong-quy-20200617022859.jpg]
[w.ladicdn.com/s500x450/5acd7a63d96f54ff291eafee/huyen-sam-20200617022901.png]
[w.ladicdn.com/s500x500/5acd7a63d96f54ff291eafee/ah-thu-o-20200617022859.jpg]
[w.ladicdn.com/s768x1585/5c7362c6c417ab07e5196b05/asset-7-2x-1561448145.png]
[w.ladicdn.com/s500x450/5c7362c6c417ab07e5196b05/a1-20191123032215.jpg]
[w.ladicdn.com/s500x450/5c7362c6c417ab07e5196b05/a2-20191123032215.jpg]
[w.ladicdn.com/s500x450/5c7362c6c417ab07e5196b05/a3-20191123032215.jpg]
[w.ladicdn.com/s600x450/5c7362c6c417ab07e5196b05/bdthth-20191123065947.png]
[w.ladicdn.com/s768x1054/5cb88d3ac1b74d75979f9fb5/uef-01-20191123074245-20200220021610.jpg]
[w.ladicdn.com/s500x500/5acd7a63d96f54ff291eafee/b503f7fe03d5fe8ba7c4-20200618155207.png]
[w.ladicdn.com/s750x900/5acd7a63d96f54ff291eafee/cbsp-20200618115905-20200619025304.jpg]
[w.ladicdn.com/s750x850/5acd7a63d96f54ff291eafee/screenshot_1592509618-20200619053633.png]
[img.youtube.com/vi/2SL_7AfggcY/hqdefault.jpg]
[w.ladicdn.com/s400x400/5acd7a63d96f54ff291eafee/6f5099a1199fe4c1bd8e-20200619071621.jpg]
[img.youtube.com/vi/-gonWh-oyfg/hqdefault.jpg]
[w.ladicdn.com/s400x400/5acd7a63d96f54ff291eafee/hbt_455-20200619050459.jpg]
[w.ladicdn.com/s400x400/5acd7a63d96f54ff291eafee/36325afb63d09e8ec7c1-removebg-20200619081053.png]
[w.ladicdn.com/s700x700/5acd7a63d96f54ff291eafee/cb1-20200620020813.jpg]
[w.ladicdn.com/s750x750/5acd7a63d96f54ff291eafee/z-20200620081905.jpg]
[w.ladicdn.com/s600x700/5acd7a63d96f54ff291eafee/as-20200620023313.jpg]
[w.ladicdn.com/s550x450/5acd7a63d96f54ff291eafee/deppppa-20200618134003-20200619061451.png]
[w.ladicdn.com/s750x750/5acd7a63d96f54ff291eafee/adadasdfewrgfh67r546y543-20200705081534.png]
[w.ladicdn.com/s400x400/5acd7a63d96f54ff291eafee/36325afb63d09e8ec7c1-removebg-20200619081056.png]
[w.ladicdn.com/5acd7a63d96f54ff291eafee/hotline-khaosatnhatrang-1-1557984656-20200619085709.gif]
[w.ladicdn.com/s500x350/5acd7a63d96f54ff291eafee/capture-1545199516-20200613052818.png]
[w.ladicdn.com/s550x450/5acd7a63d96f54ff291eafee/taisao-1562551911-20200619004521.png]
[w.ladicdn.com/s550x500/5acd7a63d96f54ff291eafee/c3092f917da080fed9b1-20200618052543-20200619033331.png]
[w.ladicdn.com/s550x400/5acd7a63d96f54ff291eafee/deppppa-20200618134003-20200619061451.png]
[w.ladicdn.com/s450x450/5acd7a63d96f54ff291eafee/36325afb63d09e8ec7c1-removebg-20200619081203.png]
[w.ladicdn.com/s800x600/5acd7a63d96f54ff291eafee/c3092f917da080fed9b1-20200618052543-20200619033331.png]
[w.ladicdn.com/s750x750/5acd7a63d96f54ff291eafee/hbt_499-20200622034103.jpg]
[w.ladicdn.com/5acd7a63d96f54ff291eafee/hot-1567582997-20200705075243.gif]
[connect.facebook.net/en_US/fbevents.js]
[pixel.quantserve.com/pixel/p-0cfM8Oh7M9bVQ.gif]
[nojsif.images.xtstatic.com/tp.gif]
[nojsim.images.xtstatic.com/tp.gif]
[cif.images.xtstatic.com/tp.gif]
[cim.images.xtstatic.com/tp.gif]
[zigzag.vn/js/check.js]
[d.thumbs.xtstatic.com/100/50/-/d0506f67f053b61a6ab8daf3b7ec945c/backtooldschool.xtgem.com/images/blog/snack-s-1967-97584.jpg]
[xtgem.com/images/arrow.gif]
[xtgem.com/images/close2a139.png]
[suckhoeda24.xtgem.com/index.html]
[suckhoeda24.xtgem.com/POST.66.delayed]
[connect.facebook.net/en_US/fbevents.js]
[w.ladicdn.com/v2/source/ladipage.min8697.css]
[suckhoeda24.xtgem.com/POST.html]
