[lf6105.mayxayyamasaki.com/index.html]
[backblue.gif]
[fade.gif]
[index.html]
[w.ladicdn.com_443/5c2ec58763e3642db9c8b15c/untitled-1-1546663500.png]
[w.ladicdn.com/v2/source/ladipage.min6f20.js]
[w.ladicdn.com/s1440x609/57b167c9ca57d39c18a1c57c/subscription-bg.jpg]
[w.ladicdn.com/s796x491/5c2ec58763e3642db9c8b15c/img_5549-min-20200706073853.jpg]
[w.ladicdn.com/s796x531/5c2ec58763e3642db9c8b15c/img_5547-min-20200706073852.jpg]
[w.ladicdn.com/s1250x800/5c2ec58763e3642db9c8b15c/map-1547520023.jpg]
[w.ladicdn.com/s1250x950/5c2ec58763e3642db9c8b15c/shutterstock-711255955-1563783865.jpg]
[w.ladicdn.com/s1250x700/5c2ec58763e3642db9c8b15c/giao-hang-1547520160.jpg]
[w.ladicdn.com/s550x400/5c2ec58763e3642db9c8b15c/logo33-1546597227.png]
[w.ladicdn.com/s650x600/5c2ec58763e3642db9c8b15c/pink3-20200617012032.jpg]
[w.ladicdn.com/s750x800/57b167c9ca57d39c18a1c57c/bg-1.png]
[w.ladicdn.com/s1250x850/5c2ec58763e3642db9c8b15c/c0004.00_03_29_25-1550627134.png]
[w.ladicdn.com/s750x800/5c2ec58763e3642db9c8b15c/0303-20200623041124.jpg]
[w.ladicdn.com/s400x400/5c2ec58763e3642db9c8b15c/2-may-20200617012032.jpg]
[w.ladicdn.com/s800x850/5c2ec58763e3642db9c8b15c/2-may-20200617012032.jpg]
[w.ladicdn.com/s800x850/5c2ec58763e3642db9c8b15c/blue3-20200617012032.jpg]
[w.ladicdn.com/s400x400/5c2ec58763e3642db9c8b15c/blue3-20200617012032.jpg]
[w.ladicdn.com/s800x850/5c2ec58763e3642db9c8b15c/green3-20200617012032.jpg]
[w.ladicdn.com/s800x850/5c2ec58763e3642db9c8b15c/pink3-20200617012032.jpg]
[w.ladicdn.com/s400x400/5c2ec58763e3642db9c8b15c/green3-20200617012032.jpg]
[w.ladicdn.com/s400x400/5c2ec58763e3642db9c8b15c/pink3-20200617012032.jpg]
[w.ladicdn.com/s800x850/5c2ec58763e3642db9c8b15c/blue_1-20200617012033.jpg]
[w.ladicdn.com/s400x400/5c2ec58763e3642db9c8b15c/blue_1-20200617012033.jpg]
[w.ladicdn.com/s800x850/5c2ec58763e3642db9c8b15c/green_1-20200617012033.jpg]
[w.ladicdn.com/s400x400/5c2ec58763e3642db9c8b15c/green_1-20200617012033.jpg]
[w.ladicdn.com/s800x850/5c2ec58763e3642db9c8b15c/pink_1-20200617012033.jpg]
[w.ladicdn.com/s400x400/5c2ec58763e3642db9c8b15c/pink_1-20200617012033.jpg]
[w.ladicdn.com/s800x850/5c2ec58763e3642db9c8b15c/2d8522cdd2eb2fb576fa-1-20200617012427.jpg]
[w.ladicdn.com/s400x400/5c2ec58763e3642db9c8b15c/2d8522cdd2eb2fb576fa-1-20200617012427.jpg]
[w.ladicdn.com/s400x400/5c2ec58763e3642db9c8b15c/img_5546_1-min-20200706073818.jpg]
[w.ladicdn.com/s800x850/5c2ec58763e3642db9c8b15c/img_5546_1-min-20200706073818.jpg]
[w.ladicdn.com/s800x850/5c2ec58763e3642db9c8b15c/family-480-1551751226.jpg]
[w.ladicdn.com/s400x400/5c2ec58763e3642db9c8b15c/family-480-1551751226.jpg]
[w.ladicdn.com/s400x400/5c2ec58763e3642db9c8b15c/img_3135-vuong-20200617012427.jpg]
[w.ladicdn.com/s800x850/5c2ec58763e3642db9c8b15c/img_3135-vuong-20200617012427.jpg]
[w.ladicdn.com/s800x850/5c2ec58763e3642db9c8b15c/img_25503-20200630071515.jpg]
[w.ladicdn.com/s400x400/5c2ec58763e3642db9c8b15c/img_25503-20200630071515.jpg]
[w.ladicdn.com/s800x850/5c2ec58763e3642db9c8b15c/img_25501-20200630071515.jpg]
[w.ladicdn.com/s400x400/5c2ec58763e3642db9c8b15c/img_25501-20200630071515.jpg]
[w.ladicdn.com/s800x850/5c2ec58763e3642db9c8b15c/6-20200704092345.jpg]
[w.ladicdn.com/s400x400/5c2ec58763e3642db9c8b15c/6-20200704092345.jpg]
[w.ladicdn.com/s800x850/5c2ec58763e3642db9c8b15c/5-20200704092345.jpg]
[w.ladicdn.com/s400x400/5c2ec58763e3642db9c8b15c/5-20200704092345.jpg]
[w.ladicdn.com/s800x850/5c2ec58763e3642db9c8b15c/35-min-20200706070115.jpg]
[w.ladicdn.com/s400x400/5c2ec58763e3642db9c8b15c/35-min-20200706070115.jpg]
[w.ladicdn.com/s800x850/5c2ec58763e3642db9c8b15c/1-min-20200706074115.jpg]
[w.ladicdn.com/s400x400/5c2ec58763e3642db9c8b15c/1-min-20200706074115.jpg]
[w.ladicdn.com/s800x850/5c2ec58763e3642db9c8b15c/2-min-20200706074116.jpg]
[w.ladicdn.com/s400x400/5c2ec58763e3642db9c8b15c/2-min-20200706074116.jpg]
[w.ladicdn.com/s450x450/5c2ec58763e3642db9c8b15c/bh1-01-20200703064612.png]
[w.ladicdn.com/s850x850/5c2ec58763e3642db9c8b15c/2d8522cdd2eb2fb576fa-1-20200617012427.jpg]
[w.ladicdn.com/s800x800/5c2ec58763e3642db9c8b15c/img_5546_1-min-20200706073818.jpg]
[w.ladicdn.com/s800x800/5c2ec58763e3642db9c8b15c/img_3135-vuong-20200617012427.jpg]
[w.ladicdn.com/s800x800/5c2ec58763e3642db9c8b15c/full-box-green-20200616082545.jpg]
[w.ladicdn.com/s1100x950/5c2ec58763e3642db9c8b15c/35-min-20200706070115.jpg]
[w.ladicdn.com/s800x650/5c2ec58763e3642db9c8b15c/1-min-20200706074115.jpg]
[w.ladicdn.com/s800x650/5c2ec58763e3642db9c8b15c/2-min-20200706074116.jpg]
[w.ladicdn.com/s800x800/5c2ec58763e3642db9c8b15c/img_25504-20200630071515.jpg]
[w.ladicdn.com/s800x800/5c2ec58763e3642db9c8b15c/img_2550-20200630071514.jpg]
[w.ladicdn.com/s800x800/5c2ec58763e3642db9c8b15c/img_25501-20200630071515.jpg]
[w.ladicdn.com/s800x800/5c2ec58763e3642db9c8b15c/img_25503-20200630071515.jpg]
[w.ladicdn.com/s900x800/5c2ec58763e3642db9c8b15c/67550341_1376706842492916_1637056841051537408_n-20200703092001.png]
[w.ladicdn.com/s400x400/5c2ec58763e3642db9c8b15c/67550341_1376706842492916_1637056841051537408_n-20200703092001.png]
[w.ladicdn.com/s900x800/5c2ec58763e3642db9c8b15c/67495446_1376706819159585_9182270432487669760_n-20200703092001.png]
[w.ladicdn.com/s400x400/5c2ec58763e3642db9c8b15c/67495446_1376706819159585_9182270432487669760_n-20200703092001.png]
[w.ladicdn.com/s400x400/5c2ec58763e3642db9c8b15c/67414979_1376706735826260_8522690470889914368_n-20200703092001.png]
[w.ladicdn.com/s900x800/5c2ec58763e3642db9c8b15c/67414979_1376706735826260_8522690470889914368_n-20200703092001.png]
[w.ladicdn.com/s900x800/5c2ec58763e3642db9c8b15c/67404126_1376707869159480_8813277654510731264_n-20200703092001.jpg]
[w.ladicdn.com/s400x400/5c2ec58763e3642db9c8b15c/67404126_1376707869159480_8813277654510731264_n-20200703092001.jpg]
[w.ladicdn.com/s900x800/5c2ec58763e3642db9c8b15c/67404114_1376707072492893_1017535489667760128_n-20200703092001.png]
[w.ladicdn.com/s400x400/5c2ec58763e3642db9c8b15c/67404114_1376707072492893_1017535489667760128_n-20200703092001.png]
[w.ladicdn.com/s900x800/5c2ec58763e3642db9c8b15c/67282703_1376707802492820_2210130586440302592_n-20200703092001.jpg]
[w.ladicdn.com/s400x400/5c2ec58763e3642db9c8b15c/67282703_1376707802492820_2210130586440302592_n-20200703092001.jpg]
[w.ladicdn.com/s900x800/5c2ec58763e3642db9c8b15c/67180255_1376707065826227_292441484211257344_n-20200703092001.png]
[w.ladicdn.com/s400x400/5c2ec58763e3642db9c8b15c/67180255_1376707065826227_292441484211257344_n-20200703092001.png]
[w.ladicdn.com/s900x800/5c2ec58763e3642db9c8b15c/67095756_1376707745826159_1332925654156443648_n-20200703092001.jpg]
[w.ladicdn.com/s400x400/5c2ec58763e3642db9c8b15c/67095756_1376707745826159_1332925654156443648_n-20200703092001.jpg]
[w.ladicdn.com/s400x400/5c2ec58763e3642db9c8b15c/67070563_1376707729159494_2766117968378068992_n-20200703092001.jpg]
[w.ladicdn.com/s900x800/5c2ec58763e3642db9c8b15c/67070563_1376707729159494_2766117968378068992_n-20200703092001.jpg]
[w.ladicdn.com/s700x700/5c2ec58763e3642db9c8b15c/e5e5b566f7400a1e5351-20200617012427.jpg]
[w.ladicdn.com/s850x1450/5c2ec58763e3642db9c8b15c/241f232d32b9cfe796a8-20200704021909.jpg]
[w.ladicdn.com/s800x800/5c2ec58763e3642db9c8b15c/coi-thuy-tinh-20200704034956.jpg]
[w.ladicdn.com/s800x800/5c2ec58763e3642db9c8b15c/bo-dao-coi-20200704034956.jpg]
[w.ladicdn.com/s800x800/5c2ec58763e3642db9c8b15c/9cf1fe02c6683b366279-20200606091340.jpg]
[w.ladicdn.com/s800x800/5c2ec58763e3642db9c8b15c/67836-20200606091514.jpg]
[w.ladicdn.com/s800x800/5c2ec58763e3642db9c8b15c/e5e5b566f7400a1e5351-20200617012427.jpg]
[w.ladicdn.com/s355x321/5c2ec58763e3642db9c8b15c/0303-20200623041124.jpg]
[w.ladicdn.com/s700x700/57b167c9ca57d39c18a1c57c/nen.png]
[w.ladicdn.com/s750x900/5c2ec58763e3642db9c8b15c/1-20200713064505.jpg]
[w.ladicdn.com/s400x400/5c2ec58763e3642db9c8b15c/1-20200713064505.jpg]
[w.ladicdn.com/s750x900/5c2ec58763e3642db9c8b15c/5-20200713064505.jpg]
[w.ladicdn.com/s400x400/5c2ec58763e3642db9c8b15c/5-20200713064505.jpg]
[w.ladicdn.com/s750x900/5c2ec58763e3642db9c8b15c/19-20200715033457.jpg]
[w.ladicdn.com/s400x400/5c2ec58763e3642db9c8b15c/19-20200715033457.jpg]
[w.ladicdn.com/s750x900/5c2ec58763e3642db9c8b15c/13-20200713064534.jpg]
[w.ladicdn.com/s400x400/5c2ec58763e3642db9c8b15c/13-20200713064534.jpg]
[w.ladicdn.com/s400x400/5c2ec58763e3642db9c8b15c/8-20200713064506.jpg]
[w.ladicdn.com/s750x900/5c2ec58763e3642db9c8b15c/8-20200713064506.jpg]
[w.ladicdn.com/s750x900/5c2ec58763e3642db9c8b15c/9-20200713064506.jpg]
[w.ladicdn.com/s400x400/5c2ec58763e3642db9c8b15c/9-20200713064506.jpg]
[w.ladicdn.com/s750x900/5c2ec58763e3642db9c8b15c/4-20200713064505.jpg]
[w.ladicdn.com/s400x400/5c2ec58763e3642db9c8b15c/4-20200713064505.jpg]
[w.ladicdn.com/s400x400/5c2ec58763e3642db9c8b15c/10-20200713064506.jpg]
[w.ladicdn.com/s750x900/5c2ec58763e3642db9c8b15c/10-20200713064506.jpg]
[w.ladicdn.com/s400x400/5c2ec58763e3642db9c8b15c/7-20200713064506.jpg]
[w.ladicdn.com/s750x900/5c2ec58763e3642db9c8b15c/7-20200713064506.jpg]
[w.ladicdn.com/s750x900/5c2ec58763e3642db9c8b15c/172-20200713072742.jpg]
[w.ladicdn.com/s400x400/5c2ec58763e3642db9c8b15c/172-20200713072742.jpg]
[w.ladicdn.com/s400x400/5c2ec58763e3642db9c8b15c/3-20200713064505.jpg]
[w.ladicdn.com/s750x900/5c2ec58763e3642db9c8b15c/3-20200713064505.jpg]
[w.ladicdn.com/s750x900/5c2ec58763e3642db9c8b15c/6-20200713064506.jpg]
[w.ladicdn.com/s400x400/5c2ec58763e3642db9c8b15c/6-20200713064506.jpg]
[w.ladicdn.com/s750x900/5c2ec58763e3642db9c8b15c/16-20200713064534.jpg]
[w.ladicdn.com/s400x400/5c2ec58763e3642db9c8b15c/16-20200713064534.jpg]
[w.ladicdn.com/s750x900/5c2ec58763e3642db9c8b15c/15-20200713064534.jpg]
[w.ladicdn.com/s400x400/5c2ec58763e3642db9c8b15c/15-20200713064534.jpg]
[w.ladicdn.com/s400x400/5c2ec58763e3642db9c8b15c/12-20200713064533.jpg]
[w.ladicdn.com/s750x900/5c2ec58763e3642db9c8b15c/12-20200713064533.jpg]
[w.ladicdn.com/s400x400/5c2ec58763e3642db9c8b15c/14-20200713090033.jpg]
[w.ladicdn.com/s400x400/5c2ec58763e3642db9c8b15c/mess-20200529033831.png]
[w.ladicdn.com/s750x900/5c2ec58763e3642db9c8b15c/14-20200713090033.jpg]
[w.ladicdn.com/s768x736/57b167c9ca57d39c18a1c57c/subscription-bg.jpg]
[w.ladicdn.com/s411x254/5c2ec58763e3642db9c8b15c/img_5549-min-20200706073853.jpg]
[w.ladicdn.com/s409x229/5c2ec58763e3642db9c8b15c/img_5547-min-20200706073852.jpg]
[w.ladicdn.com/s700x500/5c2ec58763e3642db9c8b15c/map-1547520023.jpg]
[w.ladicdn.com/s700x550/5c2ec58763e3642db9c8b15c/shutterstock-711255955-1563783865.jpg]
[w.ladicdn.com/s700x550/5c2ec58763e3642db9c8b15c/c0004.00_03_29_25-1550627134.png]
[w.ladicdn.com/s700x450/5c2ec58763e3642db9c8b15c/giao-hang-1547520160.jpg]
[w.ladicdn.com/s500x400/5c2ec58763e3642db9c8b15c/logo33-1546597227.png]
[w.ladicdn.com/s550x550/5c2ec58763e3642db9c8b15c/pink3-20200617012032.jpg]
[w.ladicdn.com/s700x750/5c2ec58763e3642db9c8b15c/blue3-20200617012032.jpg]
[w.ladicdn.com/s700x750/5c2ec58763e3642db9c8b15c/2-may-20200617012032.jpg]
[w.ladicdn.com/s700x750/5c2ec58763e3642db9c8b15c/green3-20200617012032.jpg]
[w.ladicdn.com/s700x750/5c2ec58763e3642db9c8b15c/pink3-20200617012032.jpg]
[w.ladicdn.com/s700x750/5c2ec58763e3642db9c8b15c/green_1-20200617012033.jpg]
[w.ladicdn.com/s700x750/5c2ec58763e3642db9c8b15c/blue_1-20200617012033.jpg]
[w.ladicdn.com/s700x750/5c2ec58763e3642db9c8b15c/pink_1-20200617012033.jpg]
[w.ladicdn.com/s750x800/5c2ec58763e3642db9c8b15c/2d8522cdd2eb2fb576fa-1-20200617012427.jpg]
[w.ladicdn.com/s750x800/5c2ec58763e3642db9c8b15c/img_5546_1-min-20200706073818.jpg]
[w.ladicdn.com/s750x800/5c2ec58763e3642db9c8b15c/family-480-1551751226.jpg]
[w.ladicdn.com/s750x800/5c2ec58763e3642db9c8b15c/img_3135-vuong-20200617012427.jpg]
[w.ladicdn.com/s750x800/5c2ec58763e3642db9c8b15c/img_25503-20200630071515.jpg]
[w.ladicdn.com/s750x800/5c2ec58763e3642db9c8b15c/6-20200704092345.jpg]
[w.ladicdn.com/s750x800/5c2ec58763e3642db9c8b15c/img_25501-20200630071515.jpg]
[w.ladicdn.com/s750x800/5c2ec58763e3642db9c8b15c/5-20200704092345.jpg]
[w.ladicdn.com/s750x800/5c2ec58763e3642db9c8b15c/35-min-20200706070115.jpg]
[w.ladicdn.com/s750x800/5c2ec58763e3642db9c8b15c/1-min-20200706074115.jpg]
[w.ladicdn.com/s750x800/5c2ec58763e3642db9c8b15c/2-min-20200706074116.jpg]
[w.ladicdn.com/s400x400/5c2ec58763e3642db9c8b15c/bh1-01-20200703064612.png]
[w.ladicdn.com/s750x750/5c2ec58763e3642db9c8b15c/2d8522cdd2eb2fb576fa-1-20200617012427.jpg]
[w.ladicdn.com/s750x750/5c2ec58763e3642db9c8b15c/img_5546_1-min-20200706073818.jpg]
[w.ladicdn.com/s550x550/5c2ec58763e3642db9c8b15c/full-box-green-20200616082545.jpg]
[w.ladicdn.com/s550x550/5c2ec58763e3642db9c8b15c/img_3135-vuong-20200617012427.jpg]
[w.ladicdn.com/s750x650/5c2ec58763e3642db9c8b15c/35-min-20200706070115.jpg]
[w.ladicdn.com/s750x600/5c2ec58763e3642db9c8b15c/1-min-20200706074115.jpg]
[w.ladicdn.com/s750x600/5c2ec58763e3642db9c8b15c/2-min-20200706074116.jpg]
[w.ladicdn.com/s700x700/5c2ec58763e3642db9c8b15c/img_25504-20200630071515.jpg]
[w.ladicdn.com/s700x700/5c2ec58763e3642db9c8b15c/img_2550-20200630071514.jpg]
[w.ladicdn.com/s700x700/5c2ec58763e3642db9c8b15c/img_25503-20200630071515.jpg]
[w.ladicdn.com/s700x700/5c2ec58763e3642db9c8b15c/img_25501-20200630071515.jpg]
[w.ladicdn.com/s750x650/5c2ec58763e3642db9c8b15c/67550341_1376706842492916_1637056841051537408_n-20200703092001.png]
[w.ladicdn.com/s750x650/5c2ec58763e3642db9c8b15c/67495446_1376706819159585_9182270432487669760_n-20200703092001.png]
[w.ladicdn.com/s750x650/5c2ec58763e3642db9c8b15c/67414979_1376706735826260_8522690470889914368_n-20200703092001.png]
[w.ladicdn.com/s750x650/5c2ec58763e3642db9c8b15c/67404126_1376707869159480_8813277654510731264_n-20200703092001.jpg]
[w.ladicdn.com/s750x650/5c2ec58763e3642db9c8b15c/67404114_1376707072492893_1017535489667760128_n-20200703092001.png]
[w.ladicdn.com/s750x650/5c2ec58763e3642db9c8b15c/67282703_1376707802492820_2210130586440302592_n-20200703092001.jpg]
[w.ladicdn.com/s750x650/5c2ec58763e3642db9c8b15c/67180255_1376707065826227_292441484211257344_n-20200703092001.png]
[w.ladicdn.com/s750x650/5c2ec58763e3642db9c8b15c/67095756_1376707745826159_1332925654156443648_n-20200703092001.jpg]
[w.ladicdn.com/s750x650/5c2ec58763e3642db9c8b15c/67070563_1376707729159494_2766117968378068992_n-20200703092001.jpg]
[w.ladicdn.com/s750x750/5c2ec58763e3642db9c8b15c/e5e5b566f7400a1e5351-20200617012427.jpg]
[w.ladicdn.com/s550x550/5c2ec58763e3642db9c8b15c/img_2550-20200630071514.jpg]
[w.ladicdn.com/s800x1250/5c2ec58763e3642db9c8b15c/241f232d32b9cfe796a8-20200704021909.jpg]
[w.ladicdn.com/s550x550/5c2ec58763e3642db9c8b15c/coi-thuy-tinh-20200704034956.jpg]
[w.ladicdn.com/s550x550/5c2ec58763e3642db9c8b15c/bo-dao-coi-20200704034956.jpg]
[w.ladicdn.com/s500x500/5c2ec58763e3642db9c8b15c/9cf1fe02c6683b366279-20200606091340.jpg]
[w.ladicdn.com/s550x550/5c2ec58763e3642db9c8b15c/67836-20200606091514.jpg]
[w.ladicdn.com/s500x500/5c2ec58763e3642db9c8b15c/e5e5b566f7400a1e5351-20200617012427.jpg]
[w.ladicdn.com/s354x295/5c2ec58763e3642db9c8b15c/0303-20200623041124.jpg]
[w.ladicdn.com/s650x650/57b167c9ca57d39c18a1c57c/nen.png]
[w.ladicdn.com/s700x900/5c2ec58763e3642db9c8b15c/1-20200713064505.jpg]
[w.ladicdn.com/s700x900/5c2ec58763e3642db9c8b15c/5-20200713064505.jpg]
[w.ladicdn.com/s700x900/5c2ec58763e3642db9c8b15c/19-20200715033457.jpg]
[w.ladicdn.com/s700x900/5c2ec58763e3642db9c8b15c/13-20200713064534.jpg]
[w.ladicdn.com/s700x900/5c2ec58763e3642db9c8b15c/8-20200713064506.jpg]
[w.ladicdn.com/s700x900/5c2ec58763e3642db9c8b15c/9-20200713064506.jpg]
[w.ladicdn.com/s700x900/5c2ec58763e3642db9c8b15c/4-20200713064505.jpg]
[w.ladicdn.com/s700x900/5c2ec58763e3642db9c8b15c/10-20200713064506.jpg]
[w.ladicdn.com/s700x900/5c2ec58763e3642db9c8b15c/7-20200713064506.jpg]
[w.ladicdn.com/s700x900/5c2ec58763e3642db9c8b15c/172-20200713072742.jpg]
[w.ladicdn.com/s700x900/5c2ec58763e3642db9c8b15c/3-20200713064505.jpg]
[w.ladicdn.com/s700x900/5c2ec58763e3642db9c8b15c/6-20200713064506.jpg]
[w.ladicdn.com/s700x900/5c2ec58763e3642db9c8b15c/16-20200713064534.jpg]
[w.ladicdn.com/s700x900/5c2ec58763e3642db9c8b15c/15-20200713064534.jpg]
[w.ladicdn.com/s700x900/5c2ec58763e3642db9c8b15c/12-20200713064533.jpg]
[w.ladicdn.com/s700x900/5c2ec58763e3642db9c8b15c/14-20200713090033.jpg]
[connect.facebook.net/en_US/fbevents.js]
[lf6105.mayxayyamasaki.com/index.html]
[connect.facebook.net/en_US/fbevents.js]
[w.ladicdn.com/v2/source/ladipage.min6f20.css]
[lf6105.mayxayyamasaki.com/POST.html]
[lf6105.mayxayyamasaki.com/POST.html]
