[www.phunu-hiendai.com/vtv2106.html]
[backblue.gif]
[fade.gif]
[index.html]
[w.ladicdn.com/v2/source/ladipage.min3845.js]
[w.ladicdn.com/s450x400/5b03f03f07cf75b17f88e2e5/screenshot_10-removebg-preview-20200316085457.png]
[w.ladicdn.com/s450x400/5b03f03f07cf75b17f88e2e5/untitled-4ds-20191028094848-20200316084839.png]
[w.ladicdn.com/s450x400/5b03f03f07cf75b17f88e2e5/screenshot_9-removebg-preview-20200316085453.png]
[w.ladicdn.com/s550x400/5b03f03f07cf75b17f88e2e5/axnmyilvci20200316121719.png]
[w.ladicdn.com/s500x450/5b03f03f07cf75b17f88e2e5/screenshot_11-removebg-preview-20200316085500.png]
[w.ladicdn.com/s400x400/5c87700d837fdc1cf7957cb9/avata2-20200409033622.jpg]
[w.ladicdn.com/s400x400/5c87700d837fdc1cf7957cb9/avata1-20200409033622.jpg]
[w.ladicdn.com/s400x400/5c87700d837fdc1cf7957cb9/avata3-20200409033622.jpg]
[w.ladicdn.com/s400x400/5c87700d837fdc1cf7957cb9/avata5-20200409033622.jpg]
[w.ladicdn.com/s400x400/5c87700d837fdc1cf7957cb9/avata6-20200409033622.jpg]
[w.ladicdn.com/s550x350/5b03f03f07cf75b17f88e2e5/untitled-4sdd-20191029110118-20200325083240.png]
[w.ladicdn.com/s768x370/5b03f03f07cf75b17f88e2e5/70834664_548502002357190_8963686915295412224_n-20190927050507-20200323043452.jpg]
[w.ladicdn.com/s550x550/5b03f03f07cf75b17f88e2e5/qua-dot-2-1-20200416040159-20200420113834.jpg]
[w.ladicdn.com/s550x550/5b03f03f07cf75b17f88e2e5/qua-dot-2-2-20200416040732-20200420113838.jpg]
[w.ladicdn.com/s550x550/5b03f03f07cf75b17f88e2e5/qua-dot-2-4-20200416040200-20200420113843.jpg]
[w.ladicdn.com/s550x550/5b03f03f07cf75b17f88e2e5/qua-dot-2-3-20200416040200-20200420113840.jpg]
[w.ladicdn.com/s500x550/5b03f03f07cf75b17f88e2e5/13-20200409081244-20200420113622.png]
[w.ladicdn.com/s750x700/5b03f03f07cf75b17f88e2e5/11a_optimized-20191205044522-20200316083300.png]
[w.ladicdn.com/s400x400/5b03f03f07cf75b17f88e2e5/11a_optimized-20191205044522-20200316083300.png]
[w.ladicdn.com/s750x700/5b03f03f07cf75b17f88e2e5/1s_optimized-20191205044521-20200316083246.png]
[w.ladicdn.com/s400x400/5b03f03f07cf75b17f88e2e5/1s_optimized-20191205044521-20200316083246.png]
[w.ladicdn.com/s750x700/5b03f03f07cf75b17f88e2e5/11aas_optimized-20191205044521-20200316083237.png]
[w.ladicdn.com/s400x400/5b03f03f07cf75b17f88e2e5/11aas_optimized-20191205044521-20200316083237.png]
[w.ladicdn.com/s750x700/5b03f03f07cf75b17f88e2e5/11ss_optimized-20191205044521-20200316083231.png]
[w.ladicdn.com/s400x400/5b03f03f07cf75b17f88e2e5/11ss_optimized-20191205044521-20200316083231.png]
[w.ladicdn.com/s750x700/5b03f03f07cf75b17f88e2e5/11aas_optimized-20191205044546-20200316082909.png]
[w.ladicdn.com/s400x400/5b03f03f07cf75b17f88e2e5/11aas_optimized-20191205044546-20200316082909.png]
[w.ladicdn.com/s750x700/5b03f03f07cf75b17f88e2e5/9-20200419085455.jpg]
[w.ladicdn.com/s400x400/5b03f03f07cf75b17f88e2e5/9-20200419085455.jpg]
[w.ladicdn.com/s750x700/5b03f03f07cf75b17f88e2e5/7-20200419085455.jpg]
[w.ladicdn.com/s400x400/5b03f03f07cf75b17f88e2e5/7-20200419085455.jpg]
[w.ladicdn.com/s750x700/5b03f03f07cf75b17f88e2e5/3-20200419085455.jpg]
[w.ladicdn.com/s400x400/5b03f03f07cf75b17f88e2e5/3-20200419085455.jpg]
[w.ladicdn.com/s750x700/5b03f03f07cf75b17f88e2e5/11-20200419085455.jpg]
[w.ladicdn.com/s400x400/5b03f03f07cf75b17f88e2e5/11-20200419085455.jpg]
[w.ladicdn.com/s750x700/5b03f03f07cf75b17f88e2e5/1-20200419085454.jpg]
[w.ladicdn.com/s400x400/5b03f03f07cf75b17f88e2e5/1-20200419085454.jpg]
[w.ladicdn.com/s750x700/5b03f03f07cf75b17f88e2e5/12-20200419085605.jpg]
[w.ladicdn.com/s400x400/5b03f03f07cf75b17f88e2e5/12-20200419085605.jpg]
[w.ladicdn.com/s750x700/5b03f03f07cf75b17f88e2e5/chi-hoa-20200224074743-20200420044536.png]
[w.ladicdn.com/s400x400/5b03f03f07cf75b17f88e2e5/chi-hoa-20200224074743-20200420044536.png]
[w.ladicdn.com/s400x500/5b03f03f07cf75b17f88e2e5/img_2680-20191129024444_optimized-20191202042915-20191205041436-20200316083509.jpg]
[w.ladicdn.com/s400x450/5b03f03f07cf75b17f88e2e5/chi-trang-20200224074446-20200420044536.png]
[w.ladicdn.com/s400x450/5b03f03f07cf75b17f88e2e5/unnamed-20200419153308-20200420044536.jpg]
[w.ladicdn.com/s700x650/5b03f03f07cf75b17f88e2e5/san-pham-20191021025257-20200316142406.png]
[w.ladicdn.com/s450x450/5b03f03f07cf75b17f88e2e5/untitled-1-20191115045059-20200318044940-20200321074249.png]
[w.ladicdn.com/s350x350/5b03f03f07cf75b17f88e2e5/flower-20200225025706-20200504153012.png]
[w.ladicdn.com/s400x400/5b03f03f07cf75b17f88e2e5/flower-20200225025706-20200504153012.png]
[w.ladicdn.com/s600x600/5b03f03f07cf75b17f88e2e5/maucat2-1-201912310251292-20200316030705.png]
[w.ladicdn.com/s450x450/5b03f03f07cf75b17f88e2e5/untitled-2-20191231025323-20200316031041.png]
[w.ladicdn.com/s550x500/5b03f03f07cf75b17f88e2e5/san-pham-20191021025257-20200316142406.png]
[w.ladicdn.com/s768x586/5b03f03f07cf75b17f88e2e5/bg-2-20200225033106-20200315154211.jpg]
[w.ladicdn.com/s450x350/5b03f03f07cf75b17f88e2e5/70367947_378571449481236_8709683159295328256_n-20200323084926-20200518085320.png]
[w.ladicdn.com/s550x550/5b03f03f07cf75b17f88e2e5/a2-1563335628-6812-1563335691_1200x0-20200109031107-20200519081524.png]
[w.ladicdn.com/s550x550/5b03f03f07cf75b17f88e2e5/nam-20200109031316-20200519081320.png]
[w.ladicdn.com/s550x550/5b03f03f07cf75b17f88e2e5/da-kho-20200109031451-20200519081320.png]
[w.ladicdn.com/s500x500/5b03f03f07cf75b17f88e2e5/untitled-1-20200109031938-20200519081320.png]
[w.ladicdn.com/s550x450/5afa32495d1545ba72f15949/mua-4-tang-1-20200314085642-20200321040142.png]
[w.ladicdn.com/s650x750/5de0e944407ba34daab886a7/group-10-20200404104714.png]
[w.ladicdn.com/s400x400/5afa32495d1545ba72f15949/tp-5-20191113050011-20191125082811.jpg]
[w.ladicdn.com/s400x400/5afa32495d1545ba72f15949/tp-1-20191113050009-20191125082724.jpg]
[w.ladicdn.com/s400x400/5afa32495d1545ba72f15949/tp-2-20191113050011-20191125082725.jpg]
[w.ladicdn.com/s400x400/5afa32495d1545ba72f15949/tp-3-20191113050011-20191125082724.jpg]
[w.ladicdn.com/s400x400/5afa32495d1545ba72f15949/tp-4-20191113050010-20191125082811.jpg]
[w.ladicdn.com/s768x837/5de0e944407ba34daab886a7/white-pink-gradient-linear-1920x1080-c2-ffffff-ffc0cb-a-90-f-14-20200403105442.png]
[w.ladicdn.com/s750x650/5b03f03f07cf75b17f88e2e5/qqqqqqqqqqqqqqq-20200419080900.jpg]
[w.ladicdn.com/s500x550/5b03f03f07cf75b17f88e2e5/7f74c2beb0ad4bf312bc-20200429152415.jpg]
[w.ladicdn.com/s500x550/5b03f03f07cf75b17f88e2e5/cf6aefb99daa66f43fbb-20200429152415.jpg]
[w.ladicdn.com/s750x650/5b03f03f07cf75b17f88e2e5/ll5-201910070304281_optimized-20191202042915-20200429071808.png]
[w.ladicdn.com/s550x450/5b03f03f07cf75b17f88e2e5/36b97e33877e7d20246f-removebg-preview-1-20200416074853.png]
[w.ladicdn.com/s500x450/5b03f03f07cf75b17f88e2e5/36b97e33877e7d20246f-removebg-preview-1-20200416074853.png]
[w.ladicdn.com/s400x400/5c87700d837fdc1cf7957cb9/mua4-tang1-lo-20200407100255.png]
[w.ladicdn.com/s450x450/5c87700d837fdc1cf7957cb9/mua4-tang1-lo-20200407100255.png]
[w.ladicdn.com/s800x1200/5b03f03f07cf75b17f88e2e5/06-20200324070749-20200415093430.png]
[w.ladicdn.com/s750x500/5b03f03f07cf75b17f88e2e5/dep-20191024102345-20191205043009-20200415095356.png]
[w.ladicdn.com/s700x350/5b03f03f07cf75b17f88e2e5/line-punus-20190823073124-20200420064148.png]
[img.youtube.com/vi/roVBovzvt2k/hqdefault.jpg]
[img.youtube.com/vi/Is_m8dmjXpU/hqdefault.jpg]
[w.ladicdn.com/s750x350/5b03f03f07cf75b17f88e2e5/line-punus-20190823073124-20200420064148.png]
[w.ladicdn.com/s750x650/5b03f03f07cf75b17f88e2e5/585202-pm7e6dsw-654-20191205085024-20200327081443-20200420092958.png]
[w.ladicdn.com/s550x350/5b03f03f07cf75b17f88e2e5/untitled-4sdd-20191029110118-20200319023218-20200416070507.png]
[w.ladicdn.com/5b03f03f07cf75b17f88e2e5/calling-20200601095531.gif]
[w.ladicdn.com/s550x600/5b03f03f07cf75b17f88e2e5/hainguyen-20200415131627.png]
[connect.facebook.net/en_US/fbevents.js]
[www.phunu-hiendai.com/vtv2106.html]
[w.ladicdn.com/v2/source/ladipage.min3845.css]
[connect.facebook.net/en_US/fbevents.js]
[w.ladicdn.com/v2/source/ladipage.min3845.css]
[www.phunu-hiendai.com/POST.html]
[www.phunu-hiendai.com/POST.html]
