[cccream.lamdepcongvanesa.xyz/vanesa.html]
[backblue.gif]
[fade.gif]
[index.html]
[w.ladicdn.com/v2/source/ladipage.min3845.js]
[w.ladicdn.com/s1440x619/5cb88d3ac1b74d75979f9fb5/unnamed-1-20200710040223.jpg]
[img.youtube.com/vi/sEoGwiMIhbo/hqdefault.jpg]
[w.ladicdn.com/s550x450/5c7362c6c417ab07e5196b05/3uh45-20191122083136.png]
[img.youtube.com/vi/mKDxfLCEGr8/hqdefault.jpg]
[w.ladicdn.com/s1440x410/5cb88d3ac1b74d75979f9fb5/untitled-2-20200711004226.jpg]
[w.ladicdn.com/s450x450/5c7362c6c417ab07e5196b05/ic2-20191123034528.png]
[w.ladicdn.com/s400x400/5c7362c6c417ab07e5196b05/ic1-20191123034528.png]
[w.ladicdn.com/s450x400/5c7362c6c417ab07e5196b05/ic4-20191123034528.png]
[w.ladicdn.com/s450x400/5c7362c6c417ab07e5196b05/ic3-20191123034529.png]
[w.ladicdn.com/s1440x496/5cb88d3ac1b74d75979f9fb5/untitled-3-20200711004226.jpg]
[w.ladicdn.com/s500x400/5c7362c6c417ab07e5196b05/3uh45-20191122083136.png]
[w.ladicdn.com/s400x350/5c7362c6c417ab07e5196b05/1-20191122083135.png]
[w.ladicdn.com/s400x350/5c7362c6c417ab07e5196b05/2-20191122083135.png]
[w.ladicdn.com/s400x400/5c7362c6c417ab07e5196b05/seaq23rawefdgb-20191122083136.png]
[w.ladicdn.com/s500x550/5c7362c6c417ab07e5196b05/gw34-20191123044134.png]
[w.ladicdn.com/s550x650/5c7362c6c417ab07e5196b05/gw34-20191123044134.png]
[w.ladicdn.com/s500x500/5c7362c6c417ab07e5196b05/h76ru-20191123064930.png]
[w.ladicdn.com/s600x450/5c7362c6c417ab07e5196b05/fffffffffffffff-20191123071911.png]
[w.ladicdn.com/s500x650/5cb88d3ac1b74d75979f9fb5/71685209_2442463669164779_401451834402668544_n-20200507094423.jpg]
[w.ladicdn.com/s500x650/5cb88d3ac1b74d75979f9fb5/66419883_726080317849524_8230961977019596800_n-20200305032640.jpg]
[w.ladicdn.com/s550x650/5cb88d3ac1b74d75979f9fb5/f2-20200324092948-20200422023118-20200604124942.jpg]
[w.ladicdn.com/s1440x176/5c7362c6c417ab07e5196b05/bg-home-20191123061815.jpg]
[w.ladicdn.com/s500x650/5cb88d3ac1b74d75979f9fb5/84316728_174555637287763_7502307843106668544_n-20200305032706.jpg]
[w.ladicdn.com/s1440x985/5cb88d3ac1b74d75979f9fb5/untitled-2-20200711004226.jpg]
[w.ladicdn.com/s650x700/5cb88d3ac1b74d75979f9fb5/tai-xuong-1-20200711101405.jpg]
[w.ladicdn.com/s700x600/5c7362c6c417ab07e5196b05/u45ytrgfdc-20191123065947.png]
[w.ladicdn.com/s450x450/58d260c64e9b40c75627eaa8/grapes-background-free-20190920114429.jpg]
[w.ladicdn.com/s500x450/58d260c64e9b40c75627eaa8/bb755817cf912fcf7680-copy-20190920114429.jpg]
[w.ladicdn.com/s1440x521/5c7362c6c417ab07e5196b05/asset-7-2x-1561448145.png]
[w.ladicdn.com/s500x450/58d260c64e9b40c75627eaa8/rosemary-570x450-1-20190920114429.jpg]
[w.ladicdn.com/s500x450/5cb88d3ac1b74d75979f9fb5/1df1faa7e19fd1d7a05d53ac61ff79bb5446aa7ecc7b5_1260x1260-20190920114721-20200429140242.jpg]
[w.ladicdn.com/s500x450/5d14c8e0181b0565d45f4113/hong-sam-20191222154413.jpg]
[w.ladicdn.com/s500x450/5cb88d3ac1b74d75979f9fb5/unnamed-20200202161539-20200429140619.jpg]
[w.ladicdn.com/s1440x424/5cb88d3ac1b74d75979f9fb5/unnamed-20200710035642.jpg]
[w.ladicdn.com/s350x350/5cb88d3ac1b74d75979f9fb5/icon-1557439061-20200422052743-20200429133347.png]
[w.ladicdn.com/s700x700/5cb88d3ac1b74d75979f9fb5/a-20200509075216.png]
[w.ladicdn.com/s1440x580/5cb88d3ac1b74d75979f9fb5/unnamed-1-20200710040223.jpg]
[w.ladicdn.com/s500x450/5c7362c6c417ab07e5196b05/q3f4r-20191123044134.png]
[w.ladicdn.com/s750x850/5cb88d3ac1b74d75979f9fb5/109733004_735916003871017_2650057244311862753_o-20200720043706.jpg]
[w.ladicdn.com/s400x400/5cb88d3ac1b74d75979f9fb5/109733004_735916003871017_2650057244311862753_o-20200720043706.jpg]
[w.ladicdn.com/s400x400/5cb88d3ac1b74d75979f9fb5/109808083_735916200537664_4253139426437967923_o-20200720043706.jpg]
[w.ladicdn.com/s750x850/5cb88d3ac1b74d75979f9fb5/109808083_735916200537664_4253139426437967923_o-20200720043706.jpg]
[w.ladicdn.com/s400x400/5cb88d3ac1b74d75979f9fb5/109810657_735916163871001_9159059587469702133_o-20200720043706.jpg]
[w.ladicdn.com/s750x850/5cb88d3ac1b74d75979f9fb5/110337368_735916067204344_3745828291602262152_o-20200720043706.jpg]
[w.ladicdn.com/s400x400/5cb88d3ac1b74d75979f9fb5/110337368_735916067204344_3745828291602262152_o-20200720043706.jpg]
[w.ladicdn.com/s750x850/5cb88d3ac1b74d75979f9fb5/109810657_735916163871001_9159059587469702133_o-20200720043706.jpg]
[w.ladicdn.com/s550x550/5cb88d3ac1b74d75979f9fb5/6-20200711004233.png]
[w.ladicdn.com/s550x550/5cb88d3ac1b74d75979f9fb5/5-20200711004232.png]
[w.ladicdn.com/s550x700/5cb88d3ac1b74d75979f9fb5/7-20200711004233.png]
[w.ladicdn.com/s600x800/5cb88d3ac1b74d75979f9fb5/untitled-2-20200711004226.png]
[w.ladicdn.com/s450x450/5cb88d3ac1b74d75979f9fb5/3-20200711004232.png]
[w.ladicdn.com/s400x350/5cb88d3ac1b74d75979f9fb5/fs-logo-3-20191230034800-20200720045846.png]
[w.ladicdn.com/5cb88d3ac1b74d75979f9fb5/ny-test-thoa-20200719114019-20200720064236.gif]
[w.ladicdn.com/s1100x650/5cb88d3ac1b74d75979f9fb5/uv-sun-protection-spf-50-icons-on-white-vector-21666202-20200719122343-20200720064236.jpg]
[w.ladicdn.com/s1100x650/5cb88d3ac1b74d75979f9fb5/cc-cream-anesa-_-ladipage-builder-40-ngay-su-dung-20200701025942-20200719123332-20200720065002.png]
[w.ladicdn.com/5cb88d3ac1b74d75979f9fb5/vi-test-nuoc-20200719114040-20200720064236.gif]
[w.ladicdn.com/s768x506/5cb88d3ac1b74d75979f9fb5/unnamed-1-20200710040223.jpg]
[w.ladicdn.com/5cb88d3ac1b74d75979f9fb5/vi-duong-da-20200719114059-20200720064236.gif]
[w.ladicdn.com/s450x400/5c7362c6c417ab07e5196b05/3uh45-20191122083136.png]
[w.ladicdn.com/s768x525/5cb88d3ac1b74d75979f9fb5/untitled-2-20200711004226.jpg]
[w.ladicdn.com/s400x400/5c7362c6c417ab07e5196b05/ic2-20191123034528.png]
[w.ladicdn.com/s400x400/5c7362c6c417ab07e5196b05/ic4-20191123034528.png]
[w.ladicdn.com/s400x400/5c7362c6c417ab07e5196b05/ic3-20191123034529.png]
[w.ladicdn.com/s768x809/5cb88d3ac1b74d75979f9fb5/untitled-3-20200711004226.jpg]
[w.ladicdn.com/s450x550/5c7362c6c417ab07e5196b05/gw34-20191123044134.png]
[w.ladicdn.com/s450x500/5c7362c6c417ab07e5196b05/gw34-20191123044134.png]
[w.ladicdn.com/s450x450/5c7362c6c417ab07e5196b05/h76ru-20191123064930.png]
[w.ladicdn.com/s768x205/5c7362c6c417ab07e5196b05/bg-home-20191123061815.jpg]
[w.ladicdn.com/s768x1540/5cb88d3ac1b74d75979f9fb5/untitled-2-20200711004226.jpg]
[w.ladicdn.com/s650x550/5c7362c6c417ab07e5196b05/u45ytrgfdc-20191123065947.png]
[w.ladicdn.com/s768x1144/5c7362c6c417ab07e5196b05/asset-7-2x-1561448145.png]
[w.ladicdn.com/s500x450/58d260c64e9b40c75627eaa8/grapes-background-free-20190920114429.jpg]
[w.ladicdn.com/s500x500/58d260c64e9b40c75627eaa8/bb755817cf912fcf7680-copy-20190920114429.jpg]
[w.ladicdn.com/s500x500/58d260c64e9b40c75627eaa8/rosemary-570x450-1-20190920114429.jpg]
[w.ladicdn.com/s500x500/5cb88d3ac1b74d75979f9fb5/1df1faa7e19fd1d7a05d53ac61ff79bb5446aa7ecc7b5_1260x1260-20190920114721-20200429140242.jpg]
[w.ladicdn.com/s500x500/5d14c8e0181b0565d45f4113/hong-sam-20191222154413.jpg]
[w.ladicdn.com/s500x500/5cb88d3ac1b74d75979f9fb5/unnamed-20200202161539-20200429140619.jpg]
[w.ladicdn.com/s768x569/5cb88d3ac1b74d75979f9fb5/unnamed-20200710035642.jpg]
[w.ladicdn.com/s550x550/5cb88d3ac1b74d75979f9fb5/a-20200509075216.png]
[w.ladicdn.com/s768x950/5cb88d3ac1b74d75979f9fb5/unnamed-1-20200710040223.jpg]
[w.ladicdn.com/s450x450/5c7362c6c417ab07e5196b05/q3f4r-20191123044134.png]
[w.ladicdn.com/s400x400/5cb88d3ac1b74d75979f9fb5/6-20200711004233.png]
[w.ladicdn.com/s400x400/5cb88d3ac1b74d75979f9fb5/5-20200711004232.png]
[w.ladicdn.com/s450x550/5cb88d3ac1b74d75979f9fb5/7-20200711004233.png]
[w.ladicdn.com/s400x400/5cb88d3ac1b74d75979f9fb5/3-20200711004232.png]
[w.ladicdn.com/s750x500/5cb88d3ac1b74d75979f9fb5/uv-sun-protection-spf-50-icons-on-white-vector-21666202-20200719122343-20200720064236.jpg]
[w.ladicdn.com/s750x500/5cb88d3ac1b74d75979f9fb5/cc-cream-anesa-_-ladipage-builder-40-ngay-su-dung-20200701025942-20200719123332-20200720065002.png]
[connect.facebook.net/en_US/fbevents.js]
[cccream.lamdepcongvanesa.xyz/vanesa.html]
[connect.facebook.net/en_US/fbevents.js]
[w.ladicdn.com/v2/source/ladipage.min3845.css]
[w.ladicdn.com/v2/source/ladipage.min3845.css]
[cccream.lamdepcongvanesa.xyz/POST.html]
[cccream.lamdepcongvanesa.xyz/POST.html]
[w.ladicdn.com_443/5cb88d3ac1b74d75979f9fb5/110337368_735916067204344_3745828291602262152_o-20200720043706.jpg]
