[sinhtocantay.sitokata.com.vn/index.html]
[backblue.gif]
[fade.gif]
[index.html]
[w.ladicdn.com_443/5ad0203858c2cb43196e76c1/tron-20200527043634.png]
[w.ladicdn.com/v2/source/ladipage.min6f20.js]
[w.ladicdn.com/s650x750/5ad0203858c2cb43196e76c1/img_3797-20200522113023.png]
[w.ladicdn.com/s500x500/5ad0203858c2cb43196e76c1/celery-juice-20200522135138.png]
[w.ladicdn.com/s450x450/5ad0203858c2cb43196e76c1/s3-20200522115905.png]
[w.ladicdn.com/s600x550/5ad0203858c2cb43196e76c1/bot-can-tay-mua-o-dau-20200522140239.jpg]
[w.ladicdn.com/s750x850/5ad0203858c2cb43196e76c1/3457575-20200522135725.png]
[w.ladicdn.com/s600x500/5ad0203858c2cb43196e76c1/img_4141-20200522113616.png]
[w.ladicdn.com/s450x500/5ad0203858c2cb43196e76c1/hh-20200522145126.png]
[w.ladicdn.com/s750x600/5ad0203858c2cb43196e76c1/img_3459-20200522131514.png]
[w.ladicdn.com/s750x550/5ad0203858c2cb43196e76c1/img_3421-20200522104900.png]
[w.ladicdn.com/uploads/images/c0315875-a00f-4b93-afbb-0af40a863451.png]
[w.ladicdn.com/s500x450/5ad0203858c2cb43196e76c1/layer-2-20200522140327.png]
[w.ladicdn.com/s450x450/5ad0203858c2cb43196e76c1/bot-can-tay-mua-o-dau-20200522140239.jpg]
[w.ladicdn.com/s450x400/5ad0203858c2cb43196e76c1/layer-17-20200509032650.png]
[w.ladicdn.com/s419x236/5ad0203858c2cb43196e76c1/img_4014-20200522111449.png]
[w.ladicdn.com/s400x400/5ad0203858c2cb43196e76c1/tai_xuong-removebg-preview-20200318125704.png]
[w.ladicdn.com/s350x400/5ad0203858c2cb43196e76c1/22427-me-1-1558965334-1563346703.jpg]
[w.ladicdn.com/s350x400/5ad0203858c2cb43196e76c1/hay-ahy-1544724241.jpg]
[w.ladicdn.com/s350x400/5ad0203858c2cb43196e76c1/5d7b5b0c0e0c6a0da6914bd2-20200320020554.jpg]
[w.ladicdn.com/s400x400/5ad0203858c2cb43196e76c1/group-5-20200321020434.png]
[w.ladicdn.com/s450x400/5ad0203858c2cb43196e76c1/z1379266040440_283e25f45cb26f72d637aee5d13b8461-1557887741.jpg]
[w.ladicdn.com/s550x550/5ad0203858c2cb43196e76c1/combo-20200610025145.png]
[w.ladicdn.com/s550x550/5ad0203858c2cb43196e76c1/cobo-20200610030259.png]
[w.ladicdn.com/s700x450/5ad0203858c2cb43196e76c1/lam-text-02-20200522114520.png]
[w.ladicdn.com/s550x550/5f035e68bc3a6333399c7752/10-hop-20200712012936.png]
[img.youtube.com/vi/tjrOjx-s9NY/hqdefault.jpg]
[w.ladicdn.com/s450x450/5ad0203858c2cb43196e76c1/s2-20200522115905.png]
[w.ladicdn.com/s500x500/5ad0203858c2cb43196e76c1/s3-20200522115905.png]
[w.ladicdn.com/s450x450/5ad0203858c2cb43196e76c1/ss-20200522115905.png]
[w.ladicdn.com/s450x450/5ad0203858c2cb43196e76c1/s4-20200522115350.png]
[w.ladicdn.com/s450x450/5ad0203858c2cb43196e76c1/img_3434-20200522112255.png]
[w.ladicdn.com/s450x450/5ad0203858c2cb43196e76c1/hh-20200522145126.png]
[w.ladicdn.com/s450x450/5ad0203858c2cb43196e76c1/img_3665-20200522145315.png]
[img.youtube.com/vi/Ffs01naQh2c/hqdefault.jpg]
[w.ladicdn.com/s1050x2000/5ad0203858c2cb43196e76c1/111-20200606064206.png]
[w.ladicdn.com/s600x550/5cc2b288cf6a2f655f09abc2/thieu-hut-noi-tiet-to-nu-sau-sinh-20200525085730-20200611042336.jpg]
[w.ladicdn.com/s800x650/5cc2b288cf6a2f655f09abc2/gmwmitqx20200702084050.jpg]
[w.ladicdn.com/s600x550/5cc2b288cf6a2f655f09abc2/z-qmgdah20200702084215.jpg]
[w.ladicdn.com/s600x750/5cc2b288cf6a2f655f09abc2/pgec1skh20200702084422.jpg]
[w.ladicdn.com/s400x400/5ad0203858c2cb43196e76c1/q1-20200522142135.png]
[w.ladicdn.com/s400x400/5ad0203858c2cb43196e76c1/q2-20200522142135.png]
[w.ladicdn.com/s400x400/5ad0203858c2cb43196e76c1/q3-20200522142135.png]
[img.youtube.com/vi/g22AnvE7E1E/hqdefault.jpg]
[w.ladicdn.com/s800x700/5ad0203858c2cb43196e76c1/trai-tim-20200610035205.png]
[w.ladicdn.com/s750x550/5ad0203858c2cb43196e76c1/anh-03-20200526032026.png]
[w.ladicdn.com/s750x900/5ad0203858c2cb43196e76c1/gay-03-20200526032138.png]
[w.ladicdn.com/s550x450/5ad0203858c2cb43196e76c1/anh-04-20200526032156.png]
[w.ladicdn.com/s550x450/5ad0203858c2cb43196e76c1/anh-05-20200526032559.png]
[w.ladicdn.com/s550x450/5ad0203858c2cb43196e76c1/anh-06-20200526032714.png]
[w.ladicdn.com/s550x450/5cc2b288cf6a2f655f09abc2/LqToaOLc20200702083918.jpg]
[w.ladicdn.com/s550x500/5cc2b288cf6a2f655f09abc2/lading-page1_06-20200331035003-20200611042336.png]
[w.ladicdn.com/s550x450/5cc2b288cf6a2f655f09abc2/wzhmcr9l20200702084006.jpg]
[w.ladicdn.com/s550x450/5cc2b288cf6a2f655f09abc2/anh-05-20200526032559-20200611042247.png]
[w.ladicdn.com/s550x450/5cc2b288cf6a2f655f09abc2/adsa_08-20200331035109-1-20200611042247.png]
[w.ladicdn.com/s750x750/5f035e68bc3a6333399c7752/nguoi-noi-tieng-dung-sitokata-03-min-20200712004121.png]
[w.ladicdn.com/s400x400/5f035e68bc3a6333399c7752/nguoi-noi-tieng-dung-sitokata-03-min-20200712004121.png]
[w.ladicdn.com/s750x750/5f035e68bc3a6333399c7752/nguoi-noi-tieng-dung-sitokata-02-min-20200712004121.png]
[w.ladicdn.com/s400x400/5f035e68bc3a6333399c7752/nguoi-noi-tieng-dung-sitokata-02-min-20200712004121.png]
[w.ladicdn.com/s750x750/5f035e68bc3a6333399c7752/nguoi-noi-tieng-dung-sitokata-05-min-20200712004122.png]
[w.ladicdn.com/s400x400/5f035e68bc3a6333399c7752/nguoi-noi-tieng-dung-sitokata-05-min-20200712004122.png]
[w.ladicdn.com/s750x750/5f035e68bc3a6333399c7752/nguoi-noi-tieng-dung-sitokata-04-min-20200712004122.png]
[w.ladicdn.com/s400x400/5f035e68bc3a6333399c7752/nguoi-noi-tieng-dung-sitokata-04-min-20200712004122.png]
[w.ladicdn.com/s750x750/5f035e68bc3a6333399c7752/nguoi-noi-tieng-dung-sitokata-01-min-20200712004121.png]
[w.ladicdn.com/s400x400/5f035e68bc3a6333399c7752/nguoi-noi-tieng-dung-sitokata-01-min-20200712004121.png]
[w.ladicdn.com/s750x750/5f035e68bc3a6333399c7752/nguoi-noi-tieng-dung-sitokata-10-min-20200712004122.png]
[w.ladicdn.com/s400x400/5f035e68bc3a6333399c7752/nguoi-noi-tieng-dung-sitokata-10-min-20200712004122.png]
[w.ladicdn.com/s750x750/5f035e68bc3a6333399c7752/nguoi-noi-tieng-dung-sitokata-09-min-20200712004122.png]
[w.ladicdn.com/s400x400/5f035e68bc3a6333399c7752/nguoi-noi-tieng-dung-sitokata-09-min-20200712004122.png]
[w.ladicdn.com/s750x750/5f035e68bc3a6333399c7752/nguoi-noi-tieng-dung-sitokata-08-min-20200712004122.png]
[w.ladicdn.com/s400x400/5f035e68bc3a6333399c7752/nguoi-noi-tieng-dung-sitokata-08-min-20200712004122.png]
[w.ladicdn.com/s750x750/5f035e68bc3a6333399c7752/nguoi-noi-tieng-dung-sitokata-07-min-20200712004122.png]
[w.ladicdn.com/s400x400/5f035e68bc3a6333399c7752/nguoi-noi-tieng-dung-sitokata-07-min-20200712004122.png]
[w.ladicdn.com/s750x750/5f035e68bc3a6333399c7752/nguoi-noi-tieng-dung-sitokata-06-min-20200712004122.png]
[w.ladicdn.com/s400x400/5f035e68bc3a6333399c7752/nguoi-noi-tieng-dung-sitokata-06-min-20200712004122.png]
[img.youtube.com/vi/yIqkUN3wfiI/hqdefault.jpg]
[img.youtube.com/vi/DFkA4f8DUJI/hqdefault.jpg]
[connect.facebook.net/en_US/fbevents.js]
[sinhtocantay.sitokata.com.vn/index.html]
[connect.facebook.net/en_US/fbevents.js]
[w.ladicdn.com/v2/source/ladipage.min6f20.css]
[sinhtocantay.sitokata.com.vn/POST.html]
[sinhtocantay.sitokata.com.vn/POST.html]
