[www.mioskinchinhhang.xyz/index.html]
[backblue.gif]
[fade.gif]
[index.html]
[w.ladicdn.com_443/5b34a43e67c4dcc568276d78/dfd-20200222114933-20200311114351.jpg]
[w.ladicdn.com/v2/source/ladipage.min6f20.js]
[w.ladicdn.com/s400x350/5b34a43e67c4dcc568276d78/flag_of_the_provisional_government_of_the_republic_of_korea-svg-20200311075020.png]
[w.ladicdn.com/s400x400/5d95b3cc4faa1d128721615c/93518757_3479065272122769_3928073361166434304_o-20200717040031.jpg]
[w.ladicdn.com/s700x500/5b34a43e67c4dcc568276d78/1-20200108103833-20200311094302.png]
[w.ladicdn.com/s750x700/5b34a43e67c4dcc568276d78/screen-shot-2020-03-11-at-43525-am-copy-20200311093759.png]
[w.ladicdn.com/s600x700/5b34a43e67c4dcc568276d78/181130-mysterymist5-20200227042412-20200311095420.jpg]
[w.ladicdn.com/s550x500/5b34a43e67c4dcc568276d78/3-20191230110819-20200311095615.png]
[w.ladicdn.com/s650x350/5b34a43e67c4dcc568276d78/gdfgdfg2x-20200226172751-20200311100248.png]
[w.ladicdn.com/s800x550/5b34a43e67c4dcc568276d78/homepage_cut_0018_vector_smart_object_20190826063951-20200108091449-20200311100626.png]
[w.ladicdn.com/s550x750/5b34a43e67c4dcc568276d78/79690432_2542752932486997_4022845031483179008_n-20200227180819-20200311101309.jpg]
[w.ladicdn.com/s550x750/5b34a43e67c4dcc568276d78/79184840_439090016770168_577708758130491392_n-20200227180819-20200311101310.jpg]
[w.ladicdn.com/s500x650/5b34a43e67c4dcc568276d78/73523628_2380260228749237_8958438022878068736_n-20200227180819-20200311102325.jpg]
[w.ladicdn.com/s550x650/5b34a43e67c4dcc568276d78/60836212_2423321814373037_1935253139057803264_n-20200227180819-20200311102325.jpg]
[w.ladicdn.com/s768x1178/5b34a43e67c4dcc568276d78/xagpyprw20200212193402-20200311104210.jpg]
[w.ladicdn.com/s700x550/5b34a43e67c4dcc568276d78/mioskin-tri-nam-1-20200221105040-20200311102718.jpg]
[w.ladicdn.com/s750x800/5b34a43e67c4dcc568276d78/7-20200218110745-20200311103853.jpg]
[w.ladicdn.com/s400x400/5b34a43e67c4dcc568276d78/7-20200218110745-20200311103853.jpg]
[w.ladicdn.com/s750x800/5b34a43e67c4dcc568276d78/8-20200218110744-20200311103853.jpg]
[w.ladicdn.com/s400x400/5b34a43e67c4dcc568276d78/8-20200218110744-20200311103853.jpg]
[w.ladicdn.com/s750x800/5b34a43e67c4dcc568276d78/2-20200218110744-20200311103854.jpg]
[w.ladicdn.com/s400x400/5b34a43e67c4dcc568276d78/2-20200218110744-20200311103854.jpg]
[w.ladicdn.com/s750x800/5b34a43e67c4dcc568276d78/3-20200218110743-20200311103854.jpg]
[w.ladicdn.com/s400x400/5b34a43e67c4dcc568276d78/3-20200218110743-20200311103854.jpg]
[w.ladicdn.com/s750x800/5b34a43e67c4dcc568276d78/4-20200218110744-20200311103854.jpg]
[w.ladicdn.com/s400x400/5b34a43e67c4dcc568276d78/4-20200218110744-20200311103854.jpg]
[w.ladicdn.com/s750x800/5b34a43e67c4dcc568276d78/6-20200218110744-20200311103854.jpg]
[w.ladicdn.com/s400x400/5b34a43e67c4dcc568276d78/6-20200218110744-20200311103854.jpg]
[w.ladicdn.com/s750x800/5b34a43e67c4dcc568276d78/9-20200218110745-20200311103854.jpg]
[w.ladicdn.com/s400x400/5b34a43e67c4dcc568276d78/9-20200218110745-20200311103854.jpg]
[w.ladicdn.com/s550x700/5b34a43e67c4dcc568276d78/tran-thanh-20200227052552-20200311104658.png]
[w.ladicdn.com/s550x700/5b34a43e67c4dcc568276d78/asset-58x-20200227052655-20200311104658.png]
[w.ladicdn.com/s550x700/5b34a43e67c4dcc568276d78/asset-48x-20200227052655-20200311104659.png]
[w.ladicdn.com/s550x700/5b34a43e67c4dcc568276d78/hari-20200227052655-20200311104659.png]
[w.ladicdn.com/s768x932/5b34a43e67c4dcc568276d78/background-4-20200213080835-20200311105106.jpg]
[w.ladicdn.com/s400x400/5b34a43e67c4dcc568276d78/da-nam-tan-nhang-20200227042029-20200311105258.png]
[w.ladicdn.com/s768x1319/5b34a43e67c4dcc568276d78/background-4-20200213080835-20200311105106.jpg]
[w.ladicdn.com/s400x400/5b34a43e67c4dcc568276d78/da-dau-mun-20200227042030-20200311105259.png]
[w.ladicdn.com/s400x400/5b34a43e67c4dcc568276d78/da-kho-san-sui-20200227042032-20200311105259.png]
[w.ladicdn.com/s400x400/5b34a43e67c4dcc568276d78/da-bi-kich-ung-20200227042031-20200311105259.png]
[w.ladicdn.com/s400x400/5b34a43e67c4dcc568276d78/da-nhay-cam-20200227042030-20200311105259.png]
[w.ladicdn.com/s400x400/5b34a43e67c4dcc568276d78/da-lo-mao-mach-20200227042032-20200311105259.png]
[w.ladicdn.com/s650x750/5b34a43e67c4dcc568276d78/a-20200227042819-20200311110927.jpg]
[w.ladicdn.com/s450x450/5b34a43e67c4dcc568276d78/tp1-20200210143816-20200311110927.png]
[w.ladicdn.com/s450x450/5b34a43e67c4dcc568276d78/tp5-20200210143816-20200311110927.png]
[w.ladicdn.com/s450x450/5b34a43e67c4dcc568276d78/tp2-20200210143816-20200311110927.png]
[w.ladicdn.com/s450x450/5b34a43e67c4dcc568276d78/tp3-20200210143816-20200311110927.png]
[w.ladicdn.com/s450x450/5b34a43e67c4dcc568276d78/tp4-20200210143816-20200311110927.png]
[w.ladicdn.com/s750x500/5b34a43e67c4dcc568276d78/dep_20191024102345_20191205043009-20200227065936-20200311113724.png]
[w.ladicdn.com/s750x850/5b34a43e67c4dcc568276d78/dfd-20200222114933-20200311114351.jpg]
[w.ladicdn.com/s700x800/5b34a43e67c4dcc568276d78/asset-12x-20200110162000-20200311120342.png]
[w.ladicdn.com/s600x700/5b34a43e67c4dcc568276d78/giay-cong-bo-mioskin-1-20200110161158-20200311120427.jpg]
[w.ladicdn.com/s600x700/5b34a43e67c4dcc568276d78/giay-cong-bo-mioskin-2-20200110161159-1-20200311120427.jpg]
[img.youtube.com/vi/p7kRCknUO4k/hqdefault.jpg]
[img.youtube.com/vi/m9Vjo7HjOXM/hqdefault.jpg]
[w.ladicdn.com/s450x500/5b34a43e67c4dcc568276d78/72842960_2464287050494788_6406290648267483277_n-20200228040111-20200311122014.jpg]
[w.ladicdn.com/s450x500/5b34a43e67c4dcc568276d78/62041946_602132503529060_5896686752019442757_n-1-20200228040111-20200311122014.jpg]
[w.ladicdn.com/s450x500/5b34a43e67c4dcc568276d78/181130_mysterymist31-20200228040111-20200311122014.jpg]
[w.ladicdn.com/s450x500/5b34a43e67c4dcc568276d78/my_pham_han_quoc_20191227035459-20200227164133-20200311122150.jpg]
[w.ladicdn.com/s450x550/5b34a43e67c4dcc568276d78/xit_khoang_han_quoc_20191227035459-20200227164134-20200311122150.jpg]
[w.ladicdn.com/s450x500/5b34a43e67c4dcc568276d78/xit_khoang_mioskin_4_20191227035459-20200227164134-20200311122151.jpg]
[w.ladicdn.com/s450x500/5b34a43e67c4dcc568276d78/fb_xit_khoang_20191227035515-20200227164134-20200311122151.jpg]
[w.ladicdn.com/s450x500/5b34a43e67c4dcc568276d78/fb_my_pham_han_quoc_20191227035515-20200227164133-20200311122151.jpg]
[w.ladicdn.com/s450x550/5b34a43e67c4dcc568276d78/fb_xit_khoang_han_quoc_1_20191227035515-20200227164134-20200311122150.jpg]
[w.ladicdn.com/s550x700/5b34a43e67c4dcc568276d78/87031852_2214625085500070_6082693531120435200_n-20200227180833-20200311125632.jpg]
[w.ladicdn.com/s550x700/5b34a43e67c4dcc568276d78/81479629_2280350668931568_4015462330593705984_n-20200227180833-20200311125632.jpg]
[w.ladicdn.com/s550x700/5b34a43e67c4dcc568276d78/21954c8de35e1b00424f-20200222083418-20200311125827.jpg]
[w.ladicdn.com/s450x450/5b34a43e67c4dcc568276d78/lucent-07-1567046218-20200311133749.png]
[w.ladicdn.com/s450x450/5b34a43e67c4dcc568276d78/lucent-06-1567046218-20200311133749.png]
[w.ladicdn.com/s350x350/5b34a43e67c4dcc568276d78/phone-20200311134414.png]
[w.ladicdn.com/5b34a43e67c4dcc568276d78/load-20200311135145.gif]
[w.ladicdn.com/s500x600/5b34a43e67c4dcc568276d78/khongtuquynh-20200311135821.jpg]
[w.ladicdn.com/s400x400/5b34a43e67c4dcc568276d78/ava-khong-tu-quynh-20200311135821.png]
[w.ladicdn.com/s400x400/5b34a43e67c4dcc568276d78/ngkieu-20200311140721.png]
[w.ladicdn.com/s550x600/5b34a43e67c4dcc568276d78/79530329_137039804388256_8146597364648378368_n-20200222092233-20200311140928.jpg]
[w.ladicdn.com/s400x400/5b34a43e67c4dcc568276d78/thaovy-20200311141235.png]
[w.ladicdn.com/s400x400/5b34a43e67c4dcc568276d78/abc-20200227184228-20200311141415.png]
[w.ladicdn.com/s400x400/5b34a43e67c4dcc568276d78/chongtay-20200311141559.png]
[w.ladicdn.com/s400x400/5b34a43e67c4dcc568276d78/hari-20200311141937.jpg]
[w.ladicdn.com/s400x350/5b34a43e67c4dcc568276d78/tranthanh-20200311141938.jpg]
[w.ladicdn.com/s400x350/5b34a43e67c4dcc568276d78/logo-mioskin-20200308102039.png]
[w.ladicdn.com/s500x550/5b34a43e67c4dcc568276d78/4-20191230110819-20200312025809.png]
[w.ladicdn.com/s900x700/5b34a43e67c4dcc568276d78/24-min2-20200312025452.png]
[w.ladicdn.com/5b34a43e67c4dcc568276d78/xwhw-1560313011-20191219091804-20200312030041.gif]
[w.ladicdn.com/5b34a43e67c4dcc568276d78/animated-gif-downsized_large-20200312031359.gif]
[w.ladicdn.com/s650x1000/5b34a43e67c4dcc568276d78/7748abba24b5dfeb86a4-20200312034240.jpg]
[w.ladicdn.com/s350x400/5b34a43e67c4dcc568276d78/messenger-20200312035249.png]
[w.ladicdn.com/s700x700/5d95b3cc4faa1d128721615c/dsc04205-20200717014717.jpg]
[w.ladicdn.com/s700x600/5d95b3cc4faa1d128721615c/dsc04205-20200717014717.jpg]
[w.ladicdn.com/s550x700/5d95b3cc4faa1d128721615c/93794228_137813167801331_7014368956639084544_o-20200615070503.jpg]
[w.ladicdn.com/s500x400/57b167c9ca57d39c18a1c57c/letter-sent-231631.png]
[img.youtube.com/vi/j78vw9E7tiI/hqdefault.jpg]
[connect.facebook.net/en_US/fbevents.js]
[www.mioskinchinhhang.xyz/index.html]
[connect.facebook.net/en_US/fbevents.js]
[www.mioskinchinhhang.xyz/POST.html]
[w.ladicdn.com/v2/source/ladipage.min6f20.css]
[www.mioskinchinhhang.xyz/POST.html]
