[jeep.everfashion.asia/son3ce.html]
[jeep.everfashion.asia/sonthank.html]
[backblue.gif]
[fade.gif]
[index.html]
[w.ladicdn.com/v2/source/ladipage.min8697.js]
[w.ladicdn.com/s700x700/5e4e0f54a9c6692c79a659da/3ce-mau-speak-up-classic-blue-20200618165701.jpg]
[w.ladicdn.com_443/5e4e0f54a9c6692c79a659da/101299525_335871917382627_2864306955193679872_n-20200529094110-20200531152421.jpg]
[w.ladicdn.com/s600x600/5e4e0f54a9c6692c79a659da/100886673_775777139828190_8105002921373990912_n-20200529094110-20200531152415.jpg]
[w.ladicdn.com/s450x450/5e4e0f54a9c6692c79a659da/101299525_335871917382627_2864306955193679872_n-20200529094110-20200531152421.jpg]
[w.ladicdn.com/s600x600/5e4e0f54a9c6692c79a659da/101241090_261647161706032_6132980739093823488_n-20200529094109-20200531152421.jpg]
[w.ladicdn.com/s500x500/5e4e0f54a9c6692c79a659da/101142934_277313026788842_4303313246384816128_n-20200529094110-20200531152421.jpg]
[w.ladicdn.com/s750x750/57b167c9ca57d39c18a1c57c/xjho6koh20200321124108.jpg]
[w.ladicdn.com/s650x650/5e4e0f54a9c6692c79a659da/99004296_915335618931821_7096640777475850240_n-20200531171341.png]
[w.ladicdn.com/s750x800/5e4e0f54a9c6692c79a659da/osswz1zv20200619043145.jpg]
[w.ladicdn.com/s700x550/5e4e0f54a9c6692c79a659da/5-copy-20200529095911-20200531152414.png]
[w.ladicdn.com/s768x225/5c7362c6c417ab07e5196b05/j3oy11tn20200116082536.jpg]
[w.ladicdn.com/s400x400/5e4e0f54a9c6692c79a659da/1-20200511153703.png]
[w.ladicdn.com/s350x350/5e4e0f54a9c6692c79a659da/new-project-20200517122129.png]
[w.ladicdn.com/s350x350/5e4e0f54a9c6692c79a659da/tick-blue-20200511143939.png]
[w.ladicdn.com/s400x350/5e4e0f54a9c6692c79a659da/starr-20200511093409.png]
[w.ladicdn.com/s1400x750/5e4e0f54a9c6692c79a659da/rrrrr-1559207734-20200531152421.jpg]
[w.ladicdn.com/s800x500/5e4e0f54a9c6692c79a659da/rrrrr-1559207734-20200531152421.jpg]
[w.ladicdn.com/s700x750/5e4e0f54a9c6692c79a659da/101232481_336542517333414_8049910469630099456_n-20200529094109-20200531152421.jpg]
[w.ladicdn.com/s400x400/5e4e0f54a9c6692c79a659da/101232481_336542517333414_8049910469630099456_n-20200529094109-20200531152421.jpg]
[w.ladicdn.com/s700x750/5e4e0f54a9c6692c79a659da/99436403_914361635695886_868261307135033344_n-20200531171738.jpg]
[w.ladicdn.com/s400x400/5e4e0f54a9c6692c79a659da/99436403_914361635695886_868261307135033344_n-20200531171738.jpg]
[w.ladicdn.com/s700x750/5e4e0f54a9c6692c79a659da/101299525_335871917382627_2864306955193679872_n-20200529094110-20200531152421.jpg]
[w.ladicdn.com/s400x400/5e4e0f54a9c6692c79a659da/101299525_335871917382627_2864306955193679872_n-20200529094110-20200531152421.jpg]
[w.ladicdn.com/s700x750/5e4e0f54a9c6692c79a659da/98108514_913696432429073_7373834818548662272_n-20200531171738.jpg]
[w.ladicdn.com/s400x400/5e4e0f54a9c6692c79a659da/98108514_913696432429073_7373834818548662272_n-20200531171738.jpg]
[w.ladicdn.com/s400x400/5e4e0f54a9c6692c79a659da/100649261_589953868291220_2542884672346521600_n-20200529094110-20200531152414.jpg]
[w.ladicdn.com/s700x750/5e4e0f54a9c6692c79a659da/100649261_589953868291220_2542884672346521600_n-20200529094110-20200531152414.jpg]
[w.ladicdn.com/s400x400/5e4e0f54a9c6692c79a659da/100798570_626708494587230_6661876236127567872_n-20200529094109-20200531152414.jpg]
[w.ladicdn.com/s700x750/5e4e0f54a9c6692c79a659da/100798570_626708494587230_6661876236127567872_n-20200529094109-20200531152414.jpg]
[w.ladicdn.com/s700x750/5e4e0f54a9c6692c79a659da/100886673_775777139828190_8105002921373990912_n-20200529094110-20200531152415.jpg]
[w.ladicdn.com/s400x400/5e4e0f54a9c6692c79a659da/100886673_775777139828190_8105002921373990912_n-20200529094110-20200531152415.jpg]
[w.ladicdn.com/s700x750/5e4e0f54a9c6692c79a659da/100062460_263875801395591_245101843573637120_n-20200529094108-20200531152414.jpg]
[w.ladicdn.com/s400x400/5e4e0f54a9c6692c79a659da/100062460_263875801395591_245101843573637120_n-20200529094108-20200531152414.jpg]
[w.ladicdn.com/s750x950/5e4e0f54a9c6692c79a659da/capture-20200531164550.png]
[w.ladicdn.com/s1050x800/5e4e0f54a9c6692c79a659da/rrrrr-1559207734-20200531152421.jpg]
[w.ladicdn.com/s350x350/5e4e0f54a9c6692c79a659da/32148913_425680544564000_7360998827748229120_n-20200531164550.jpg]
[w.ladicdn.com/s400x450/5e4e0f54a9c6692c79a659da/1-20200531172240.png]
[w.ladicdn.com/s400x500/5e4e0f54a9c6692c79a659da/453888-20200531172500.png]
[img.youtube.com/vi/atAmItYZY9w/hqdefault.jpg]
[w.ladicdn.com/s450x400/5e4e0f54a9c6692c79a659da/logo_auth-20200619032412.png]
[w.ladicdn.com/s850x800/5e4e0f54a9c6692c79a659da/58e7a210b126cde9c9fa0d6f248ee757-20200618163806.jpg]
[meteor.tiktok.com/i18n/pixel/sdk7e63.js]
[meteor.tiktok.com/i18n/pixel/sdk4de9.js]
[jeep.everfashion.asia/son3ce.html]
[w.ladicdn.com/v2/source/ladipage.min807b.js]
[w.ladicdn.com/s768x596/5c7362c6c417ab07e5196b05/ipqxmerf20200323103223.jpg]
[w.ladicdn.com/s600x450/5e4e0f54a9c6692c79a659da/5-copy-20200529095911-20200531152414.png]
[w.ladicdn.com/s500x450/5e4e0f54a9c6692c79a659da/5-luu-y-chon-trang-phuc-cho-tuoi-phu-nu-trung-nien11536898604-20200531152415.png]
[w.ladicdn.com/s500x550/5e4e0f54a9c6692c79a659da/99004296_915335618931821_7096640777475850240_n-20200531171341.png]
[connect.facebook.net/en_US/fbevents.js]
[meteor.tiktok.com/i18n/pixel/sdka2d0.js]
[meteor.tiktok.com/i18n/pixel/sdk4f63.js]
[meteor.tiktok.com/i18n/pixel/sdkfc5b.js]
[meteor.tiktok.com/i18n/pixel/sdke476.js]
[meteor.tiktok.com/i18n/pixel/sdk2c4b.js]
[meteor.tiktok.com/i18n/pixel/sdk1398.js]
[jeep.everfashion.asia/sonthank.html]
[w.ladicdn.com/v2/source/ladipage.min8697.css]
[connect.facebook.net/en_US/fbevents.js]
[w.ladicdn.com/v2/source/ladipage.min807b.css]
[jeep.everfashion.asia/POST.html]
[jeep.everfashion.asia/POST.html]
