[www.vanesacosmetics.xyz/cccream.html]
[backblue.gif]
[fade.gif]
[index.html]
[w.ladicdn.com/v2/source/ladipage.min3845.js]
[w.ladicdn.com/s1440x506/5c7362c6c417ab07e5196b05/ooo-20191123041046.jpg]
[w.ladicdn.com/s500x400/5c7362c6c417ab07e5196b05/3uh45-20191122083136.png]
[w.ladicdn.com/s400x350/5c7362c6c417ab07e5196b05/1-20191122083135.png]
[w.ladicdn.com/s400x350/5c7362c6c417ab07e5196b05/2-20191122083135.png]
[w.ladicdn.com/s400x400/5c7362c6c417ab07e5196b05/seaq23rawefdgb-20191122083136.png]
[w.ladicdn.com/s900x950/5cb88d3ac1b74d75979f9fb5/94035624_1682605508544867_3866818786698985472_n-20200420041558-20200711100026.png]
[w.ladicdn.com/s1440x616/5c7362c6c417ab07e5196b05/uef-01-20191123074245.jpg]
[w.ladicdn.com/s1440x777/5c7362c6c417ab07e5196b05/rrrrr-1559207734.jpg]
[w.ladicdn.com/s600x750/5a5f86e8b0f0b9867f55b29b/80573422_2482004878739172_7976302611441647616_n-20200218070100.jpg]
[w.ladicdn.com/s600x850/5a5f86e8b0f0b9867f55b29b/80753423_2482004945405832_6858591854317797376_n-20200218070100.png]
[w.ladicdn.com/s650x750/5a5f86e8b0f0b9867f55b29b/80214280_2482004795405847_1724068549141463040_n-20200218070100.jpg]
[w.ladicdn.com/s1440x252/5c7362c6c417ab07e5196b05/bg-home-20191123061815.jpg]
[w.ladicdn.com/s400x400/5c7362c6c417ab07e5196b05/ic1-20191123034528.png]
[w.ladicdn.com/s450x450/5c7362c6c417ab07e5196b05/ic2-20191123034528.png]
[w.ladicdn.com/s450x400/5c7362c6c417ab07e5196b05/ic4-20191123034528.png]
[w.ladicdn.com/s500x500/5c7362c6c417ab07e5196b05/h76ru-20191123064930.png]
[w.ladicdn.com/s600x450/5c7362c6c417ab07e5196b05/fffffffffffffff-20191123071911.png]
[w.ladicdn.com/s450x400/5c7362c6c417ab07e5196b05/ic3-20191123034529.png]
[w.ladicdn.com/s500x500/5c7362c6c417ab07e5196b05/ssssss-20191122093439.jpg]
[w.ladicdn.com/s500x500/5c7362c6c417ab07e5196b05/nam-20191122093830.jpg]
[w.ladicdn.com/s500x500/5c7362c6c417ab07e5196b05/gq43tr-20191122094621.jpg]
[w.ladicdn.com/s500x500/5c7362c6c417ab07e5196b05/gggggggg-20191122094826.jpg]
[w.ladicdn.com/s900x950/5cb88d3ac1b74d75979f9fb5/thanh-huong-20200711102236.png]
[w.ladicdn.com/s500x450/5c7362c6c417ab07e5196b05/q3f4r-20191123044134.png]
[w.ladicdn.com/s500x500/5c7362c6c417ab07e5196b05/wg45t-20191123045505.png]
[w.ladicdn.com/s1440x700/5c7362c6c417ab07e5196b05/asset-7-2x-1561448145.png]
[w.ladicdn.com/s750x950/5a5f86e8b0f0b9867f55b29b/z1745241532278_a429323ce6375b4301069bf6838c48cd-20200218070647.jpg]
[w.ladicdn.com/s750x950/5a5f86e8b0f0b9867f55b29b/z1745241529360_ec7c163514d61174e8ae66dbe737a8a4-20200218070648.jpg]
[w.ladicdn.com/s1440x918/5c7362c6c417ab07e5196b05/bg-home-20191123061815.jpg]
[w.ladicdn.com/s650x500/5c7362c6c417ab07e5196b05/bdthth-20191123065947.png]
[w.ladicdn.com/s750x800/5cb88d3ac1b74d75979f9fb5/5555-20200709091014.png]
[w.ladicdn.com/s400x400/5cb88d3ac1b74d75979f9fb5/5555-20200709091014.png]
[w.ladicdn.com/s750x800/5cb88d3ac1b74d75979f9fb5/3333-20200709091038.png]
[w.ladicdn.com/s400x400/5cb88d3ac1b74d75979f9fb5/3333-20200709091038.png]
[w.ladicdn.com/s750x800/5cb88d3ac1b74d75979f9fb5/4444-20200709091126.png]
[w.ladicdn.com/s400x400/5cb88d3ac1b74d75979f9fb5/4444-20200709091126.png]
[w.ladicdn.com/s750x800/5cb88d3ac1b74d75979f9fb5/2222-20200709091116.png]
[w.ladicdn.com/s400x400/5cb88d3ac1b74d75979f9fb5/2222-20200709091116.png]
[w.ladicdn.com/s800x600/5cb88d3ac1b74d75979f9fb5/40-ngay-su-dung-20200701025942.png]
[w.ladicdn.com/s500x500/5cb88d3ac1b74d75979f9fb5/thanh-huong-20200711101434.png]
[w.ladicdn.com/s600x750/5cb88d3ac1b74d75979f9fb5/4-thuyha-20191106040913-20200512040249-20200709083317.png]
[w.ladicdn.com/s450x500/5cb88d3ac1b74d75979f9fb5/tai-xuong-1-20200711101924.jpg]
[w.ladicdn.com/s768x772/5c7362c6c417ab07e5196b05/ooo-20191123041046.jpg]
[w.ladicdn.com/s700x750/5cb88d3ac1b74d75979f9fb5/94035624_1682605508544867_3866818786698985472_n-20200420041558-20200711100026.png]
[w.ladicdn.com/s700x500/5c7362c6c417ab07e5196b05/3uh45-20191122083136.png]
[w.ladicdn.com/s768x797/5c7362c6c417ab07e5196b05/gggggg-20191122083157.jpg]
[w.ladicdn.com/s768x448/5c7362c6c417ab07e5196b05/rrrrr-1559207734.jpg]
[w.ladicdn.com/s450x550/5a5f86e8b0f0b9867f55b29b/80573422_2482004878739172_7976302611441647616_n-20200218070100.jpg]
[w.ladicdn.com/s450x550/5a5f86e8b0f0b9867f55b29b/80753423_2482004945405832_6858591854317797376_n-20200218070100.png]
[w.ladicdn.com/s500x550/5a5f86e8b0f0b9867f55b29b/80214280_2482004795405847_1724068549141463040_n-20200218070100.jpg]
[w.ladicdn.com/s768x216/5c7362c6c417ab07e5196b05/bg-home-20191123061815.jpg]
[w.ladicdn.com/s400x400/5c7362c6c417ab07e5196b05/ic2-20191123034528.png]
[w.ladicdn.com/s400x400/5c7362c6c417ab07e5196b05/ic4-20191123034528.png]
[w.ladicdn.com/s450x450/5c7362c6c417ab07e5196b05/h76ru-20191123064930.png]
[w.ladicdn.com/s400x400/5c7362c6c417ab07e5196b05/ic3-20191123034529.png]
[w.ladicdn.com/s700x700/5cb88d3ac1b74d75979f9fb5/thanh-huong-20200711102236.png]
[w.ladicdn.com/s450x450/5c7362c6c417ab07e5196b05/q3f4r-20191123044134.png]
[w.ladicdn.com/s768x955/5c7362c6c417ab07e5196b05/asset-7-2x-1561448145.png]
[w.ladicdn.com/s700x950/5a5f86e8b0f0b9867f55b29b/z1745241532278_a429323ce6375b4301069bf6838c48cd-20200218070647.jpg]
[w.ladicdn.com/s700x900/5a5f86e8b0f0b9867f55b29b/z1745241529360_ec7c163514d61174e8ae66dbe737a8a4-20200218070648.jpg]
[w.ladicdn.com/s768x1441/5c7362c6c417ab07e5196b05/bg-home-20191123061815.jpg]
[w.ladicdn.com/s600x450/5c7362c6c417ab07e5196b05/bdthth-20191123065947.png]
[w.ladicdn.com/s750x650/5cb88d3ac1b74d75979f9fb5/5555-20200709091014.png]
[w.ladicdn.com/s750x650/5cb88d3ac1b74d75979f9fb5/4444-20200709091126.png]
[w.ladicdn.com/s750x650/5cb88d3ac1b74d75979f9fb5/2222-20200709091116.png]
[w.ladicdn.com/s750x650/5cb88d3ac1b74d75979f9fb5/3333-20200709091038.png]
[w.ladicdn.com/s750x550/5cb88d3ac1b74d75979f9fb5/40-ngay-su-dung-20200701025942.png]
[connect.facebook.net/en_US/fbevents.js]
[www.vanesacosmetics.xyz/cccream.html]
[w.ladicdn.com/v2/source/ladipage.min3845.css]
[connect.facebook.net/en_US/fbevents.js]
[w.ladicdn.com/v2/source/ladipage.min3845.css]
[www.vanesacosmetics.xyz/POST.html]
[www.vanesacosmetics.xyz/POST.html]
