[esteesupreme.authcomestics.com/index.html]
[backblue.gif]
[fade.gif]
[index.html]
[w.ladicdn.com/v2/source/ladipage.min1c77.js]
[w.ladicdn.com/s1500x1000/5cedfaa2d062e8345a23d014/bia-20200602081453.jpg]
[w.ladicdn.com/s1500x1000/5cedfaa2d062e8345a23d014/trang-2-20200602031947.jpg]
[w.ladicdn.com/s950x700/5cedfaa2d062e8345a23d014/mau-20200601085152.png]
[w.ladicdn.com/s800x600/5cedfaa2d062e8345a23d014/khung-20200601093411.png]
[w.ladicdn.com/s750x600/5cedfaa2d062e8345a23d014/khung-20200601093411.png]
[w.ladicdn.com/s1300x900/5cedfaa2d062e8345a23d014/sp-20200601101221.png]
[w.ladicdn.com/s700x700/5cedfaa2d062e8345a23d014/kem-duong-am-ngan-ngua-lao-hoa-estee-lauder-50ml-4-20200601102342.jpg]
[w.ladicdn.com/s600x700/5cedfaa2d062e8345a23d014/sa-20200602024325.png]
[w.ladicdn.com/s700x800/5cedfaa2d062e8345a23d014/b03698f7747682a1d7de0533eaa6614a-20200602025346.jpg]
[w.ladicdn.com/s650x550/5cedfaa2d062e8345a23d014/1_36225-20200602033431.jpg]
[w.ladicdn.com/s700x550/5cedfaa2d062e8345a23d014/cham-soc-da-truoc-hon-nhan-20200602034832.jpg]
[w.ladicdn.com/s800x650/5cedfaa2d062e8345a23d014/690-20200602035614.jpg]
[w.ladicdn.com/5a93d67230948c605cf3e796/arrow-left_3_orig-1--1561192356.gif]
[w.ladicdn.com/s1600x1200/5cedfaa2d062e8345a23d014/pngtree-fresh-and-simple-small-flowers-h5-background-psd-layered-material-image_173273-20200602042528.jpg]
[w.ladicdn.com/s1550x1000/5cedfaa2d062e8345a23d014/dsds-20200602043847.png]
[w.ladicdn.com/s500x500/5cedfaa2d062e8345a23d014/p9ygrcgird1553688418-1560874726-20200518094947.png]
[w.ladicdn.com/s500x500/5cedfaa2d062e8345a23d014/freeship-cod-toan-quoc-1555582275-20200518095248.jpg]
[w.ladicdn.com/s500x500/5cedfaa2d062e8345a23d014/9267309184e71ddbbef7cccbcd95da10-20200321210158-20200518095328.jpg]
[w.ladicdn.com/s500x500/5cedfaa2d062e8345a23d014/icon2-1555658350-20200518095401.png]
[w.ladicdn.com/s600x700/5cedfaa2d062e8345a23d014/da-20200602044734.jpg]
[w.ladicdn.com/s800x750/5cedfaa2d062e8345a23d014/estee-lauder-revitalizing-supreme-plus-global-anti-aging-power-cream-50ml-ljbeauty-jpg1-20200602072640.jpg]
[w.ladicdn.com/s600x800/5cedfaa2d062e8345a23d014/2243be595dbb215d2239106763f9892e-20200602071610.jpg]
[w.ladicdn.com/s350x350/5cedfaa2d062e8345a23d014/untitled-2-20200602072527.png]
[w.ladicdn.com/s400x400/5cedfaa2d062e8345a23d014/capture-20200519043402.png]
[w.ladicdn.com/s400x400/5cedfaa2d062e8345a23d014/capture-20200602074310.png]
[w.ladicdn.com/s400x400/5cedfaa2d062e8345a23d014/capture-20200602074428.png]
[w.ladicdn.com/s400x400/5cedfaa2d062e8345a23d014/capture-20200602075159.png]
[w.ladicdn.com/s400x400/5cedfaa2d062e8345a23d014/capture-20200602075518.png]
[w.ladicdn.com/s400x400/5cedfaa2d062e8345a23d014/capture-20200602075701.png]
[w.ladicdn.com/s400x400/5cedfaa2d062e8345a23d014/capture-20200602075905.png]
[w.ladicdn.com/s1440x554/5cedfaa2d062e8345a23d014/23b58pice3y2srw58pict5cke_pic2018-20200602041937.jpg]
[w.ladicdn.com/s900x600/5cedfaa2d062e8345a23d014/takashimaya-vietnam-05-20200602094449.jpg]
[w.ladicdn.com/s600x600/5cedfaa2d062e8345a23d014/mac-throwback-collection-lipsticks-1564111033-20200508100650.jpg]
[w.ladicdn.com/s600x600/5cedfaa2d062e8345a23d014/q3-20190926040300-20200211224536.jpg]
[w.ladicdn.com/s800x600/5cedfaa2d062e8345a23d014/bia-20200602081453.jpg]
[w.ladicdn.com/s750x550/5cedfaa2d062e8345a23d014/trang-2-20200602031947.jpg]
[w.ladicdn.com/s550x450/5cedfaa2d062e8345a23d014/mau-20200601085152.png]
[w.ladicdn.com/s750x550/5cedfaa2d062e8345a23d014/khung-20200601093411.png]
[w.ladicdn.com/s650x500/5cedfaa2d062e8345a23d014/sp-20200601101221.png]
[w.ladicdn.com/s450x450/5cedfaa2d062e8345a23d014/sa-20200602024325.png]
[w.ladicdn.com/s450x500/5cedfaa2d062e8345a23d014/sa-20200602024325.png]
[w.ladicdn.com/s650x500/5cedfaa2d062e8345a23d014/1_36225-20200602033431.jpg]
[w.ladicdn.com/s1150x950/5cedfaa2d062e8345a23d014/pngtree-fresh-and-simple-small-flowers-h5-background-psd-layered-material-image_173273-20200602042528.jpg]
[w.ladicdn.com/s800x850/5cedfaa2d062e8345a23d014/dsds-20200602043847.png]
[w.ladicdn.com/s350x350/5cedfaa2d062e8345a23d014/p9ygrcgird1553688418-1560874726-20200518094947.png]
[w.ladicdn.com/s350x350/5cedfaa2d062e8345a23d014/freeship-cod-toan-quoc-1555582275-20200518095248.jpg]
[w.ladicdn.com/s350x350/5cedfaa2d062e8345a23d014/9267309184e71ddbbef7cccbcd95da10-20200321210158-20200518095328.jpg]
[w.ladicdn.com/s350x350/5cedfaa2d062e8345a23d014/icon2-1555658350-20200518095401.png]
[w.ladicdn.com/s600x750/5cedfaa2d062e8345a23d014/da-20200602044734.jpg]
[w.ladicdn.com/s650x600/5cedfaa2d062e8345a23d014/estee-lauder-revitalizing-supreme-plus-global-anti-aging-power-cream-50ml-ljbeauty-jpg1-20200602072640.jpg]
[w.ladicdn.com/s768x910/5cedfaa2d062e8345a23d014/23b58pice3y2srw58pict5cke_pic2018-20200602041937.jpg]
[w.ladicdn.com/s800x550/5cedfaa2d062e8345a23d014/takashimaya-vietnam-05-20200602094449.jpg]
[w.ladicdn.com/s500x500/5cedfaa2d062e8345a23d014/mac-throwback-collection-lipsticks-1564111033-20200508100650.jpg]
[w.ladicdn.com/s500x500/5cedfaa2d062e8345a23d014/q3-20190926040300-20200211224536.jpg]
[connect.facebook.net/en_US/fbevents.js]
[esteesupreme.authcomestics.com/index.html]
[esteesupreme.authcomestics.com/pro5.html]
[connect.facebook.net/en_US/fbevents.js]
[w.ladicdn.com/v2/source/ladipage.min1c77.css]
[esteesupreme.authcomestics.com/pro5.html]
[esteesupreme.authcomestics.com/POST.html]
[esteesupreme.authcomestics.com/POST.html]
[esteesupreme.authcomestics.com/demopage.me]
[esteesupreme.authcomestics.com/demopage.me]
[esteesupreme.authcomestics.com/ladi.me]
[esteesupreme.authcomestics.com/ladi.me]
