[www.thailish.com.vn/mioskin.html]
[backblue.gif]
[fade.gif]
[index.html]
[w.ladicdn.com_443/5b65a67a1178bf771aa59b15/vi-sao-nen-chon-nuoc-xit-duong-khoang-te-bao-goc-mioskin-han-quoc-myphamheracom-500x667-20200229041418.jpg]
[w.ladicdn.com/v2/source/ladipage.min1c77.js]
[w.ladicdn.com/s1440x481/5b65a67a1178bf771aa59b15/82234892_105662950974532_1997215962222297088_n-20200229022158.jpg]
[w.ladicdn.com/s1440x632/57b167c9ca57d39c18a1c57c/vi-tri.jpg]
[w.ladicdn.com/s1440x881/57b167c9ca57d39c18a1c57c/uu-diem.jpg]
[w.ladicdn.com/s550x350/57b167c9ca57d39c18a1c57c/icon-tl.png]
[img.youtube.com/vi/3qmBpJwluc4/hqdefault.jpg]
[w.ladicdn.com/s750x800/5b65a67a1178bf771aa59b15/81454027_100359061504921_5206086015902547968_n-20200229022136.jpg]
[w.ladicdn.com/s400x400/5b65a67a1178bf771aa59b15/81454027_100359061504921_5206086015902547968_n-20200229022136.jpg]
[w.ladicdn.com/s750x800/5b65a67a1178bf771aa59b15/82083020_101396534735979_8800640232933294080_o-20200229022158.jpg]
[w.ladicdn.com/s400x400/5b65a67a1178bf771aa59b15/82083020_101396534735979_8800640232933294080_o-20200229022158.jpg]
[w.ladicdn.com/s750x800/5b65a67a1178bf771aa59b15/82162469_116265473226284_8435019863277174784_n-20200229022158.jpg]
[w.ladicdn.com/s400x400/5b65a67a1178bf771aa59b15/82162469_116265473226284_8435019863277174784_n-20200229022158.jpg]
[w.ladicdn.com/s750x800/5b65a67a1178bf771aa59b15/82383887_2948347245184591_5404627712453115904_o-20200229022158.jpg]
[w.ladicdn.com/s400x400/5b65a67a1178bf771aa59b15/82383887_2948347245184591_5404627712453115904_o-20200229022158.jpg]
[w.ladicdn.com/s750x800/5b65a67a1178bf771aa59b15/72951129_103885317694675_2741023234676752384_n-20200229022135.jpg]
[w.ladicdn.com/s400x400/5b65a67a1178bf771aa59b15/72951129_103885317694675_2741023234676752384_n-20200229022135.jpg]
[w.ladicdn.com/s500x500/5b65a67a1178bf771aa59b15/d11535447832-20200229030511.jpg]
[w.ladicdn.com/s500x500/5b65a67a1178bf771aa59b15/photo-1-15252498214011661096684-20200229030511.jpg]
[w.ladicdn.com/s500x500/5b65a67a1178bf771aa59b15/tangcan11-20200229030513.png]
[w.ladicdn.com/s500x500/5b65a67a1178bf771aa59b15/unnamed-20200229030511.jpg]
[w.ladicdn.com/s1300x850/5b65a67a1178bf771aa59b15/87068842_133069154879249_1515928558462042112_n-20200229022251.jpg]
[w.ladicdn.com/s1440x1214/57b167c9ca57d39c18a1c57c/uu-diem.jpg]
[w.ladicdn.com/s1300x1050/5b65a67a1178bf771aa59b15/74796401_129537645129442_1279584277759000576_o-20200229022136.jpg]
[w.ladicdn.com/s1300x850/5b65a67a1178bf771aa59b15/82048041_101396428069323_8152154300710125568_o-20200229022135.jpg]
[w.ladicdn.com/s600x600/5b65a67a1178bf771aa59b15/82783631_105708324303328_1566880880775921664_n-20200229022158.jpg]
[w.ladicdn.com/s700x700/5b65a67a1178bf771aa59b15/87330535_130871171787043_8152744381971955712_n-20200229022236.jpg]
[w.ladicdn.com/s700x700/5b65a67a1178bf771aa59b15/87991443_130871198453707_4069809626986577920_n-20200229022251.jpg]
[w.ladicdn.com/s800x600/5b65a67a1178bf771aa59b15/82586729_106231767584317_307229258474848256_n-20200229022158.jpg]
[w.ladicdn.com/s600x750/5b65a67a1178bf771aa59b15/review-nuoc-xit-khoang-te-bao-goc-mioskin-co-tot-khong-puka-nguyen-kieu-cam-tho-myphamheracom-20200229034321.jpg]
[w.ladicdn.com/s600x750/5b65a67a1178bf771aa59b15/review-nuoc-xit-khoang-te-bao-goc-mioskin-co-tot-khong-le-giang-myphamheracom-20200229034321.jpg]
[w.ladicdn.com/s750x900/5b65a67a1178bf771aa59b15/inkedreview-nuoc-xit-khoang-te-bao-goc-mioskin-co-tot-khong-tran-thanh-myphamheracom_li-20200229034322.jpg]
[w.ladicdn.com/s650x900/5b65a67a1178bf771aa59b15/review-nuoc-xit-khoang-te-bao-goc-mioskin-co-tot-khong-hariwon-myphamheracom-1-20200229034321.jpg]
[w.ladicdn.com/s600x750/5b65a67a1178bf771aa59b15/review-nuoc-xit-khoang-te-bao-goc-mioskin-co-tot-khong-anh-duc-myphamheracom-1-20200229034321.jpg]
[w.ladicdn.com/s650x750/5b65a67a1178bf771aa59b15/vi-sao-nen-chon-nuoc-xit-duong-khoang-te-bao-goc-mioskin-han-quoc-myphamheracom-500x667-20200229041418.jpg]
[w.ladicdn.com/s768x980/5b65a67a1178bf771aa59b15/82234892_105662950974532_1997215962222297088_n-20200229022158.jpg]
[w.ladicdn.com/s768x1224/57b167c9ca57d39c18a1c57c/vi-tri.jpg]
[w.ladicdn.com/s768x435/57b167c9ca57d39c18a1c57c/uu-diem.jpg]
[w.ladicdn.com/s750x550/5b65a67a1178bf771aa59b15/87068842_133069154879249_1515928558462042112_n-20200229022251.jpg]
[w.ladicdn.com/s768x2659/57b167c9ca57d39c18a1c57c/uu-diem.jpg]
[w.ladicdn.com/s750x650/5b65a67a1178bf771aa59b15/74796401_129537645129442_1279584277759000576_o-20200229022136.jpg]
[w.ladicdn.com/s750x550/5b65a67a1178bf771aa59b15/82048041_101396428069323_8152154300710125568_o-20200229022135.jpg]
[w.ladicdn.com/s750x550/5b65a67a1178bf771aa59b15/82586729_106231767584317_307229258474848256_n-20200229022158.jpg]
[connect.facebook.net/en_US/fbevents.js]
[www.thailish.com.vn/ladi.html]
[www.thailish.com.vn/mioskin.html]
[www.thailish.com.vn/pro5.html]
[connect.facebook.net/en_US/fbevents.js]
[w.ladicdn.com/v2/source/ladipage.min1c77.css]
[www.thailish.com.vn/ladi.html]
[www.thailish.com.vn/pro5.html]
[www.thailish.com.vn/POST.html]
[www.thailish.com.vn/POST.html]
[www.thailish.com.vn/demopage.me]
[www.thailish.com.vn/demopage.me]
