[son3ce.sinuochoaphap.com/au-the.html]
[backblue.gif]
[fade.gif]
[index.html]
[w.ladicdn.com_443/5d41159517e36b7f68e5cfec/db5015d87caffb08c6c6cb78cbb7e576-20200615032209.jpg]
[w.ladicdn.com/v2/source/ladipage.min8697.js]
[w.ladicdn.com/s800x750/5d41159517e36b7f68e5cfec/b89968cd23ecdeb287fd-20200626061219.jpg]
[w.ladicdn.com/s400x400/5d41159517e36b7f68e5cfec/b89968cd23ecdeb287fd-20200626061219.jpg]
[w.ladicdn.com/s800x750/5d41159517e36b7f68e5cfec/swatch-son-3ce-moi-20200626061250.jpg]
[w.ladicdn.com/s400x400/5d41159517e36b7f68e5cfec/swatch-son-3ce-moi-20200626061250.jpg]
[w.ladicdn.com/s800x750/5d41159517e36b7f68e5cfec/son-3ce-mau-speak-up-classic-blue-thiet-ke-20200626061250.jpg]
[w.ladicdn.com/s400x400/5d41159517e36b7f68e5cfec/son-3ce-mau-speak-up-classic-blue-thiet-ke-20200626061250.jpg]
[w.ladicdn.com/s800x750/5d41159517e36b7f68e5cfec/3ce-soft-lip-lacquer-perk-up-1-20200626061250.jpg]
[w.ladicdn.com/s400x400/5d41159517e36b7f68e5cfec/3ce-soft-lip-lacquer-perk-up-1-20200626061250.jpg]
[w.ladicdn.com/s800x750/5d41159517e36b7f68e5cfec/son-nuoc-3-ce-05-20200626061250.jpg]
[w.ladicdn.com/s400x400/5d41159517e36b7f68e5cfec/son-nuoc-3-ce-05-20200626061250.jpg]
[w.ladicdn.com/s800x750/5d41159517e36b7f68e5cfec/son-3ce-velvet-lip-tint-daffodil-do-dat-xu-huong-son-kem-li-moi-20200626061250.jpg]
[w.ladicdn.com/s400x400/5d41159517e36b7f68e5cfec/son-3ce-velvet-lip-tint-daffodil-do-dat-xu-huong-son-kem-li-moi-20200626061250.jpg]
[w.ladicdn.com/s800x750/5d41159517e36b7f68e5cfec/51a6f266e405ac08b495619647957392_tn-20200626061250.jpg]
[w.ladicdn.com/s400x400/5d41159517e36b7f68e5cfec/51a6f266e405ac08b495619647957392_tn-20200626061250.jpg]
[w.ladicdn.com/s800x750/5d41159517e36b7f68e5cfec/son-3ce-taupe-neo-20200626061250.jpg]
[w.ladicdn.com/s400x400/5d41159517e36b7f68e5cfec/son-3ce-taupe-neo-20200626061250.jpg]
[w.ladicdn.com/s400x400/5d41159517e36b7f68e5cfec/d1e143a0-d6b0-11e9-9b75-cb460834b6d5-20200615011646.jpg]
[w.ladicdn.com/s1440x93/5c7362c6c417ab07e5196b05/backgeound-20191104100910.png]
[w.ladicdn.com/s400x400/5d41159517e36b7f68e5cfec/son-li-3ce-red-recipe-matte-li-9005-7773-1509421980-20200615044902.jpg]
[w.ladicdn.com/s700x750/5d41159517e36b7f68e5cfec/db5015d87caffb08c6c6cb78cbb7e576-20200626061703.jpg]
[w.ladicdn.com/s400x400/5d41159517e36b7f68e5cfec/db5015d87caffb08c6c6cb78cbb7e576-20200626061703.jpg]
[w.ladicdn.com/s700x750/5d41159517e36b7f68e5cfec/swatch-son-3ce-moi-20200626061250.jpg]
[w.ladicdn.com/s700x750/5d41159517e36b7f68e5cfec/son-3ce-mau-speak-up-classic-blue-thiet-ke-20200626061250.jpg]
[w.ladicdn.com/s750x750/57b167c9ca57d39c18a1c57c/bg-ok.png]
[w.ladicdn.com/s650x750/5d41159517e36b7f68e5cfec/3ce-soft-lip-lacquer-perk-up-1-20200626061250.jpg]
[w.ladicdn.com/s650x750/5d41159517e36b7f68e5cfec/son-3ce-velvet-lip-tint-daffodil-do-dat-xu-huong-son-kem-li-moi-20200626061250.jpg]
[w.ladicdn.com/s650x750/5d41159517e36b7f68e5cfec/son-nuoc-3-ce-05-20200626061250.jpg]
[w.ladicdn.com/s750x750/5d41159517e36b7f68e5cfec/b89968cd23ecdeb287fd-20200626061219.jpg]
[w.ladicdn.com/s750x750/5d41159517e36b7f68e5cfec/swatch-son-3ce-moi-20200626061250.jpg]
[w.ladicdn.com/s750x750/5d41159517e36b7f68e5cfec/son-3ce-mau-speak-up-classic-blue-thiet-ke-20200626061250.jpg]
[w.ladicdn.com/s750x750/5d41159517e36b7f68e5cfec/3ce-soft-lip-lacquer-perk-up-1-20200626061250.jpg]
[w.ladicdn.com/s750x750/5d41159517e36b7f68e5cfec/son-nuoc-3-ce-05-20200626061250.jpg]
[w.ladicdn.com/s750x750/5d41159517e36b7f68e5cfec/son-3ce-velvet-lip-tint-daffodil-do-dat-xu-huong-son-kem-li-moi-20200626061250.jpg]
[w.ladicdn.com/s750x750/5d41159517e36b7f68e5cfec/51a6f266e405ac08b495619647957392_tn-20200626061250.jpg]
[w.ladicdn.com/s750x750/5d41159517e36b7f68e5cfec/son-3ce-taupe-neo-20200626061250.jpg]
[w.ladicdn.com/s768x143/5c7362c6c417ab07e5196b05/backgeound-20191104100910.png]
[w.ladicdn.com/s600x700/5d41159517e36b7f68e5cfec/db5015d87caffb08c6c6cb78cbb7e576-20200626061703.jpg]
[w.ladicdn.com/s600x700/5d41159517e36b7f68e5cfec/swatch-son-3ce-moi-20200626061250.jpg]
[w.ladicdn.com/s600x700/5d41159517e36b7f68e5cfec/son-3ce-mau-speak-up-classic-blue-thiet-ke-20200626061250.jpg]
[w.ladicdn.com/s750x650/57b167c9ca57d39c18a1c57c/bg-ok.png]
[w.ladicdn.com/s600x700/5d41159517e36b7f68e5cfec/3ce-soft-lip-lacquer-perk-up-1-20200626061250.jpg]
[w.ladicdn.com/s600x700/5d41159517e36b7f68e5cfec/son-3ce-velvet-lip-tint-daffodil-do-dat-xu-huong-son-kem-li-moi-20200626061250.jpg]
[w.ladicdn.com/s600x700/5d41159517e36b7f68e5cfec/son-nuoc-3-ce-05-20200626061250.jpg]
[connect.facebook.net/en_US/fbevents.js]
[w.ladicdn.com/s250x250/5cfa54aa2458e93ad21b5c55/nguyen-thanh-loan-20190815021103.jpg]
[w.ladicdn.com/s250x250/5d41159517e36b7f68e5cfec/db5015d87caffb08c6c6cb78cbb7e576-20200626061703.jpg]
[trihetnamda.com/images/hinhfb/Hung Nguyên.jpg]
[trihetnamda.com/images/hinhfb/Phuong Nguyen.jpg]
[trihetnamda.com/images/hinhfb/Hoa Huynh.jpg]
[trihetnamda.com/images/hinhfb/Ngoc Nu Le.jpg]
[w.ladicdn.com/v2/source/location.vn.min8697.js]
[son3ce.sinuochoaphap.com/au-the.html]
[connect.facebook.net/en_US/fbevents.js]
[w.ladicdn.com/v2/source/ladipage.min8697.css]
[son3ce.sinuochoaphap.com/POST.html]
[son3ce.sinuochoaphap.com/POST.html]
