[www.thaohoang.ml/bithuat.html]
[backblue.gif]
[fade.gif]
[index.html]
[w.ladicdn.com/v2/source/ladipage.min3845.js]
[w.ladicdn.com/s768x763/57b167c9ca57d39c18a1c57c/9fbc2yol20200326035013.jpg]
[w.ladicdn.com/s500x500/5ad0203858c2cb43196e76c1/cach-giam-beo-bung-sau-sinh-1-20200509081858.jpg]
[w.ladicdn.com/s500x500/5ad0203858c2cb43196e76c1/thieu-hut-noi-tiet-to-nu-sau-sinh-20200525085730.jpg]
[w.ladicdn.com/s768x1587/57b167c9ca57d39c18a1c57c/dn19l1ub20200326040249.jpg]
[w.ladicdn.com/s700x650/5ad0203858c2cb43196e76c1/product_originald292b26395cadb8119c8c8e421b4284d_-20200527101854.png]
[w.ladicdn.com/s750x1300/5ad0203858c2cb43196e76c1/91625844_232951504728569_1413798088748826624_n-20200411064740.jpg]
[w.ladicdn.com/s500x450/5ad0203858c2cb43196e76c1/adsa_08-20200331035109.png]
[w.ladicdn.com/s500x500/5ad0203858c2cb43196e76c1/dd-20200522184147.jpg]
[w.ladicdn.com/s500x450/5ad0203858c2cb43196e76c1/lading-page1_06-20200331035003.png]
[img.youtube.com/vi/avP8hZQEGXs/hqdefault.jpg]
[img.youtube.com/vi/Ffs01naQh2c/hqdefault.jpg]
[img.youtube.com/vi/tjrOjx-s9NY/hqdefault.jpg]
[w.ladicdn.com/5ad0203858c2cb43196e76c1/mua-ngay-1-20200312034239.gif]
[w.ladicdn.com/s750x800/5ad0203858c2cb43196e76c1/zing-20200527104822.png]
[w.ladicdn.com/s450x400/5ad0203858c2cb43196e76c1/zing-20200527104822.png]
[w.ladicdn.com/s750x800/5ad0203858c2cb43196e76c1/capture-20200527065546.png]
[w.ladicdn.com/s450x400/5ad0203858c2cb43196e76c1/capture-20200527065546.png]
[w.ladicdn.com/s750x800/5ad0203858c2cb43196e76c1/celery-juice_annotated22-299d89ac3d61415696ee91d57ceb6859-20200527035727.jpg]
[w.ladicdn.com/s450x400/5ad0203858c2cb43196e76c1/celery-juice_annotated22-299d89ac3d61415696ee91d57ceb6859-20200527035727.jpg]
[w.ladicdn.com/s750x550/5ad0203858c2cb43196e76c1/a1561d7317d1ec8fb5c0-20200410024757.png]
[w.ladicdn.com/s700x450/5ad0203858c2cb43196e76c1/danh-gia-20190918041443.png]
[w.ladicdn.com/s400x400/5ad0203858c2cb43196e76c1/56349177_112557323264160_5856386679182458880_n-1554973777-1561631517.jpg]
[w.ladicdn.com/s400x400/5ad0203858c2cb43196e76c1/84947430634_20190408001343-20190918085903.jpg]
[w.ladicdn.com/s400x400/5ad0203858c2cb43196e76c1/45158366_2218611325130992_5299248757110472704_n-1545292853.jpg]
[w.ladicdn.com/s400x400/5ad0203858c2cb43196e76c1/thuy-quynh-1546882624.jpg]
[w.ladicdn.com/s400x400/5ad0203858c2cb43196e76c1/dfaa478ef1ca089451db-20191118171522-20191126025552.jpg]
[w.ladicdn.com/s400x400/5ad0203858c2cb43196e76c1/img_2447-min-20191126072823.jpg]
[w.ladicdn.com/s750x750/5ad0203858c2cb43196e76c1/3fe6aea95812a24cfb03-20200529041531.jpg]
[w.ladicdn.com/s400x400/5ad0203858c2cb43196e76c1/3fe6aea95812a24cfb03-20200529041531.jpg]
[w.ladicdn.com/s750x750/5ad0203858c2cb43196e76c1/product_originald292b26395cadb8119c8c8e421b4284d_-20200527101854.png]
[w.ladicdn.com/s400x400/5ad0203858c2cb43196e76c1/product_originald292b26395cadb8119c8c8e421b4284d_-20200527101854.png]
[w.ladicdn.com/s750x750/5ad0203858c2cb43196e76c1/nh-20200526090954.png]
[w.ladicdn.com/s400x400/5ad0203858c2cb43196e76c1/nh-20200526090954.png]
[w.ladicdn.com/s750x750/5ad0203858c2cb43196e76c1/669e38204522bf7ce633-20200527043945.jpg]
[w.ladicdn.com/s400x400/5ad0203858c2cb43196e76c1/669e38204522bf7ce633-20200527043945.jpg]
[w.ladicdn.com/s750x750/5ad0203858c2cb43196e76c1/img_3487-20200529040011.jpg]
[w.ladicdn.com/s400x400/5ad0203858c2cb43196e76c1/img_3487-20200529040011.jpg]
[w.ladicdn.com/s750x750/5ad0203858c2cb43196e76c1/ladi-1-20200526103728.jpg]
[w.ladicdn.com/s400x400/5ad0203858c2cb43196e76c1/ladi-1-20200526103728.jpg]
[w.ladicdn.com/s750x750/5ad0203858c2cb43196e76c1/img_3456-20200529040031.jpg]
[w.ladicdn.com/s400x400/5ad0203858c2cb43196e76c1/img_3456-20200529040031.jpg]
[w.ladicdn.com/s750x750/5ad0203858c2cb43196e76c1/3540-hudson-e1525095948407-20200527035558.jpg]
[w.ladicdn.com/s400x400/5ad0203858c2cb43196e76c1/3540-hudson-e1525095948407-20200527035558.jpg]
[w.ladicdn.com/s600x600/5ad0203858c2cb43196e76c1/s4-04-20200526035506.png]
[w.ladicdn.com/s750x550/5ad0203858c2cb43196e76c1/d556d7e70261f93fa070-20200403103000.jpg]
[w.ladicdn.com/s750x400/5ad0203858c2cb43196e76c1/bg_header-20200403095153.jpg]
[w.ladicdn.com/s550x450/5ad0203858c2cb43196e76c1/tro-gia-20200409131355.png]
[w.ladicdn.com/s700x600/5ad0203858c2cb43196e76c1/3fe6aea95812a24cfb03-20200529041531.jpg]
[w.ladicdn.com/s550x500/5ad0203858c2cb43196e76c1/img_3487-20200529040011.jpg]
[w.ladicdn.com/s450x500/5ad0203858c2cb43196e76c1/100831366_176371117120292_8018646273106116608_n-20200529155501.png]
[w.ladicdn.com/s750x400/5ad0203858c2cb43196e76c1/dsc01189-20200506083702.jpg]
[w.ladicdn.com/s750x600/5ad0203858c2cb43196e76c1/669e38204522bf7ce633-20200527043945.jpg]
[w.ladicdn.com/s450x400/5ad0203858c2cb43196e76c1/estrogen-gut-health-20200527035324.jpg]
[w.ladicdn.com/s500x450/5ad0203858c2cb43196e76c1/anh-04-20200526032156.png]
[w.ladicdn.com/s500x450/5ad0203858c2cb43196e76c1/anh-06-20200526032714.png]
[w.ladicdn.com/s500x450/5ad0203858c2cb43196e76c1/estrogen-gut-health-20200527035324.jpg]
[w.ladicdn.com/s750x500/5ad0203858c2cb43196e76c1/anh-03-20200526032026.png]
[w.ladicdn.com/s500x500/5ad0203858c2cb43196e76c1/dae-20200525084959.jpg]
[img.youtube.com/vi/g22AnvE7E1E/hqdefault.jpg]
[w.ladicdn.com/s400x400/5ad0203858c2cb43196e76c1/s3-20200522115905.png]
[w.ladicdn.com/s450x450/5ad0203858c2cb43196e76c1/s2-20200522115905.png]
[w.ladicdn.com/s450x450/5ad0203858c2cb43196e76c1/ss-20200522115905.png]
[w.ladicdn.com/s450x450/5ad0203858c2cb43196e76c1/s4-20200522115350.png]
[w.ladicdn.com/s600x550/5ad0203858c2cb43196e76c1/hop1-20200527102947.png]
[w.ladicdn.com/s650x550/5ad0203858c2cb43196e76c1/hop1-20200527102947.png]
[w.ladicdn.com/s600x700/5ad0203858c2cb43196e76c1/s4-04-20200526035506.png]
[w.ladicdn.com/s750x700/5ad0203858c2cb43196e76c1/6-20200610101032.png]
[w.ladicdn.com/s500x450/5ad0203858c2cb43196e76c1/tai-xuong-20200619125831.jpg]
[w.ladicdn.com/s700x650/57b167c9ca57d39c18a1c57c/nen.png]
[w.ladicdn.com/s500x400/5ad0203858c2cb43196e76c1/tai-xuong-20200619125831.jpg]
[w.ladicdn.com/s750x600/5ad0203858c2cb43196e76c1/banner01-20200621100118.jpg]
[w.ladicdn.com/s800x600/5ad0203858c2cb43196e76c1/ad1-20200703094610.png]
[img.youtube.com/vi/4xQAsZMZulA/hqdefault.jpg]
[w.ladicdn.com/s239x128/5ad0203858c2cb43196e76c1/anh-chup-man-hinh-2020-07-03-luc-152926-20200703082942.png]
[w.ladicdn.com/s800x700/5ad0203858c2cb43196e76c1/layer-184-20200702103142.png]
[w.ladicdn.com/s750x950/5ad0203858c2cb43196e76c1/layer-2-20200621033007.png]
[w.ladicdn.com/s400x400/5ad0203858c2cb43196e76c1/layer-2-20200621033007.png]
[w.ladicdn.com/s750x950/5ad0203858c2cb43196e76c1/94001019_160597158625596_8238190467108306944_n-20200621031842.jpg]
[w.ladicdn.com/s400x400/5ad0203858c2cb43196e76c1/94001019_160597158625596_8238190467108306944_n-20200621031842.jpg]
[w.ladicdn.com/s750x900/5ad0203858c2cb43196e76c1/1a-bxbf-20200604091237.jpg]
[w.ladicdn.com/s650x700/5ad0203858c2cb43196e76c1/anh-dau-20200609101128.png]
[w.ladicdn.com/s600x500/5ad0203858c2cb43196e76c1/nuoc-ep-can-tay-dua-leo-recipe-main-photo-20200703085643.jpg]
[w.ladicdn.com/s750x800/5ad0203858c2cb43196e76c1/avtcantay-1553349144-971-width640height480_schema_article-20200606072705.jpg]
[w.ladicdn.com/s750x650/5ad0203858c2cb43196e76c1/trai-tim-20200610035205.png]
[w.ladicdn.com/s550x550/5ad0203858c2cb43196e76c1/can_tay_logo-03-20200703034747.png]
[w.ladicdn.com/s750x600/5ad0203858c2cb43196e76c1/unnamed-2-20200627070310.jpg]
[w.ladicdn.com/s650x900/5ad0203858c2cb43196e76c1/077529156a9f97c1ce8e-20200703041923.jpg]
[w.ladicdn.com/s768x3291/57b167c9ca57d39c18a1c57c/dn19l1ub20200326040249.jpg]
[w.ladicdn.com/s550x600/5ad0203858c2cb43196e76c1/sssss-20200703034602.png]
[w.ladicdn.com/s404x232/5ad0203858c2cb43196e76c1/anh-chup-man-hinh-2020-07-03-luc-151627-20200703081909.png]
[w.ladicdn.com/s750x500/5ad0203858c2cb43196e76c1/gt-20200608043614.png]
[w.ladicdn.com/5ad0203858c2cb43196e76c1/giphy-5-20200605122335.gif]
[w.ladicdn.com/5ad0203858c2cb43196e76c1/giphy-6-20200605122516.gif]
[w.ladicdn.com/5ad0203858c2cb43196e76c1/giphy-7-20200605180309.gif]
[w.ladicdn.com/s750x500/5ad0203858c2cb43196e76c1/fd-20200608044128.png]
[w.ladicdn.com/5ad0203858c2cb43196e76c1/giphy-9-20200609105207.gif]
[w.ladicdn.com/s239x128/5ad0203858c2cb43196e76c1/anh-chup-man-hinh-2020-07-03-luc-152549-20200703082614.png]
[w.ladicdn.com/5ad0203858c2cb43196e76c1/giphy-8-20200605180309.gif]
[w.ladicdn.com/5ad0203858c2cb43196e76c1/giphy-10-20200609105208.gif]
[img.youtube.com/vi/DFkA4f8DUJI/hqdefault.jpg]
[connect.facebook.net/en_US/fbevents.js]
[zigzag.vn/js/check.js]
[www.thaohoang.ml/bithuat.html]
[w.ladicdn.com/v2/source/ladipage.min3845.css]
[connect.facebook.net/en_US/fbevents.js]
[w.ladicdn.com/v2/source/ladipage.min3845.css]
[www.thaohoang.ml/POST.html]
[www.thaohoang.ml/POST.html]
