[www.angeltempation.com/index.html]
[backblue.gif]
[fade.gif]
[index.html]
[w.ladicdn.com/v2/source/ladipage.min6f20.js]
[w.ladicdn.com/s1150x1100/5e16a86c3ca8ae1542baa56c/10115010636_1767566324-20200318085912.jpg]
[w.ladicdn.com/s750x750/5e16a86c3ca8ae1542baa56c/20200624_200830-20200624160954.jpg]
[w.ladicdn.com/s700x650/5d28372382052a0d7bdbef75/19822-20200217025115.png]
[w.ladicdn.com/s650x550/5e16a86c3ca8ae1542baa56c/mujer-que-recibe-paquete-repartidor_8087-390-20200318110146.jpg]
[w.ladicdn.com/s650x550/5e16a86c3ca8ae1542baa56c/thoi-gian-ship-cod-20200318110227.jpg]
[w.ladicdn.com/s650x550/5e16a86c3ca8ae1542baa56c/yea-nghe-dien-thoai-trong-tieng-anh-20200318110146.jpg]
[w.ladicdn.com/s400x400/5e16a86c3ca8ae1542baa56c/cart-20200319082813.png]
[w.ladicdn.com/s400x400/5c99f8097381814bcd090be2/ava-be-1555555228.jpg]
[w.ladicdn.com/s350x350/5c99f8097381814bcd090be2/an-nick-facebook-e1523092070819-1555124471.png]
[w.ladicdn.com/s700x700/5e16a86c3ca8ae1542baa56c/1-20200510153814.jpg]
[w.ladicdn.com/s400x400/5c99f8097381814bcd090be2/qbo1486574991-1555495034.jpg]
[w.ladicdn.com/s400x400/5c99f8097381814bcd090be2/ava-1-1555555339.jpg]
[w.ladicdn.com/s350x350/5c99f8097381814bcd090be2/ava-2-1555555599.jpg]
[w.ladicdn.com/s900x900/5e16a86c3ca8ae1542baa56c/3-20200510153814.jpg]
[w.ladicdn.com/s400x400/5c99f8097381814bcd090be2/ava-quyen-1555557189.jpg]
[w.ladicdn.com/s400x400/5c99f8097381814bcd090be2/ngan-1555554462.jpg]
[w.ladicdn.com/s400x400/5c99f8097381814bcd090be2/ava-quyen-2-1555557263.jpg]
[w.ladicdn.com/s650x950/5e16a86c3ca8ae1542baa56c/95014200_1291646921175718_5911304102419103744_o-20200510154432.jpg]
[w.ladicdn.com/uploads/images/380beead-cde1-45cc-b464-72893e246558.jpg]
[w.ladicdn.com/s550x400/5e16a86c3ca8ae1542baa56c/avt1-removebg-preview-20200319083335.png]
[w.ladicdn.com/s850x1000/5e16a86c3ca8ae1542baa56c/20200624_200830-20200624160954.jpg]
[w.ladicdn.com/s450x450/5e16a86c3ca8ae1542baa56c/20200624_200830-20200624160954.jpg]
[w.ladicdn.com/s850x1000/5e16a86c3ca8ae1542baa56c/20200624_181630-20200624160954.jpg]
[w.ladicdn.com/s450x450/5e16a86c3ca8ae1542baa56c/20200624_181630-20200624160954.jpg]
[w.ladicdn.com/s850x1000/5e16a86c3ca8ae1542baa56c/20200624_181651-20200624160953.jpg]
[w.ladicdn.com/s450x450/5e16a86c3ca8ae1542baa56c/20200624_181651-20200624160953.jpg]
[w.ladicdn.com/s850x1000/5e16a86c3ca8ae1542baa56c/20200624_195924-20200624160451.jpg]
[w.ladicdn.com/s450x450/5e16a86c3ca8ae1542baa56c/20200624_195924-20200624160451.jpg]
[w.ladicdn.com/s850x1000/5e16a86c3ca8ae1542baa56c/12653545390_1609548953-20200510103859.jpg]
[w.ladicdn.com/s450x450/5e16a86c3ca8ae1542baa56c/12653545390_1609548953-20200510103859.jpg]
[w.ladicdn.com/s850x1000/5e16a86c3ca8ae1542baa56c/20200624_200622-20200627063408.jpg]
[w.ladicdn.com/s450x450/5e16a86c3ca8ae1542baa56c/20200624_200622-20200627063408.jpg]
[w.ladicdn.com/s650x600/5d28372382052a0d7bdbef75/19822-20200217025115.png]
[w.ladicdn.com/s800x350/5e16a86c3ca8ae1542baa56c/screenshot_7-20200510090407.png]
[w.ladicdn.com/s750x500/5e16a86c3ca8ae1542baa56c/khjk-1555033471-1559051782-20200510093707.png]
[w.ladicdn.com/s700x600/5e16a86c3ca8ae1542baa56c/1-20200510093851.jpg]
[w.ladicdn.com/s850x550/5e16a86c3ca8ae1542baa56c/yhjfg-1555033471-1559052040-20200510093707.png]
[w.ladicdn.com/s750x500/5e16a86c3ca8ae1542baa56c/dsfgdsf-1555033471-1559051772-20200510093707.png]
[w.ladicdn.com/s750x650/5e16a86c3ca8ae1542baa56c/13866625176_316830924-20200510093852.jpg]
[w.ladicdn.com/s700x650/5e16a86c3ca8ae1542baa56c/2-20200510094459.jpg]
[w.ladicdn.com/s750x400/5e16a86c3ca8ae1542baa56c/screenshot_1-20200510100127.png]
[w.ladicdn.com/s850x900/5e16a86c3ca8ae1542baa56c/12653545390_1609548953-20200510100807.jpg]
[w.ladicdn.com/s700x1000/5e16a86c3ca8ae1542baa56c/mau-3-20200510101932.jpg]
[w.ladicdn.com/s650x1000/5e16a86c3ca8ae1542baa56c/mau-1-20200510101931.jpg]
[w.ladicdn.com/s700x1050/5e16a86c3ca8ae1542baa56c/mau-2-20200510101931.jpg]
[w.ladicdn.com/s700x750/5e16a86c3ca8ae1542baa56c/20200624_200830-20200624160954.jpg]
[w.ladicdn.com/s600x450/5e16a86c3ca8ae1542baa56c/logo-20200624162028.png]
[w.ladicdn.com/s850x900/5e16a86c3ca8ae1542baa56c/4-20200427144425.jpg]
[w.ladicdn.com/s450x450/5e16a86c3ca8ae1542baa56c/4-20200427144425.jpg]
[w.ladicdn.com/s850x900/5e16a86c3ca8ae1542baa56c/6-20200427144801.jpg]
[w.ladicdn.com/s450x450/5e16a86c3ca8ae1542baa56c/6-20200427144801.jpg]
[w.ladicdn.com/s850x900/5e16a86c3ca8ae1542baa56c/5-20200427144801.jpg]
[w.ladicdn.com/s450x450/5e16a86c3ca8ae1542baa56c/5-20200427144801.jpg]
[w.ladicdn.com/s850x900/5e16a86c3ca8ae1542baa56c/8b8df89d3c92c6cc9f83-20200605093228.jpg]
[w.ladicdn.com/s450x450/5e16a86c3ca8ae1542baa56c/8b8df89d3c92c6cc9f83-20200605093228.jpg]
[w.ladicdn.com/s850x900/5e16a86c3ca8ae1542baa56c/63254422802d7a73233c-20200605093228.jpg]
[w.ladicdn.com/s450x450/5e16a86c3ca8ae1542baa56c/63254422802d7a73233c-20200605093228.jpg]
[w.ladicdn.com/s750x750/5e16a86c3ca8ae1542baa56c/10115010636_1767566324-20200318085912.jpg]
[w.ladicdn.com/s550x550/5e16a86c3ca8ae1542baa56c/20200624_200830-20200624160954.jpg]
[w.ladicdn.com/s750x650/5d28372382052a0d7bdbef75/19822-20200217025115.png]
[w.ladicdn.com/s650x650/5e16a86c3ca8ae1542baa56c/1-20200510153814.jpg]
[w.ladicdn.com/s600x600/5e16a86c3ca8ae1542baa56c/3-20200510153814.jpg]
[w.ladicdn.com/s600x600/5e16a86c3ca8ae1542baa56c/95014200_1291646921175718_5911304102419103744_o-20200510154432.jpg]
[w.ladicdn.com/s750x800/5e16a86c3ca8ae1542baa56c/20200624_200830-20200624160954.jpg]
[w.ladicdn.com/s750x800/5e16a86c3ca8ae1542baa56c/20200624_181630-20200624160954.jpg]
[w.ladicdn.com/s750x800/5e16a86c3ca8ae1542baa56c/20200624_181651-20200624160953.jpg]
[w.ladicdn.com/s750x800/5e16a86c3ca8ae1542baa56c/20200624_195924-20200624160451.jpg]
[w.ladicdn.com/s750x800/5e16a86c3ca8ae1542baa56c/12653545390_1609548953-20200510103859.jpg]
[w.ladicdn.com/s750x800/5e16a86c3ca8ae1542baa56c/20200624_200622-20200627063408.jpg]
[w.ladicdn.com/s700x350/5e16a86c3ca8ae1542baa56c/screenshot_7-20200510090407.png]
[w.ladicdn.com/s750x500/5e16a86c3ca8ae1542baa56c/yhjfg-1555033471-1559052040-20200510093707.png]
[w.ladicdn.com/s750x750/5e16a86c3ca8ae1542baa56c/12653545390_1609548953-20200510100807.jpg]
[w.ladicdn.com/s750x800/5e16a86c3ca8ae1542baa56c/4-20200427144425.jpg]
[w.ladicdn.com/s750x800/5e16a86c3ca8ae1542baa56c/6-20200427144801.jpg]
[w.ladicdn.com/s750x800/5e16a86c3ca8ae1542baa56c/5-20200427144801.jpg]
[w.ladicdn.com/s750x800/5e16a86c3ca8ae1542baa56c/8b8df89d3c92c6cc9f83-20200605093228.jpg]
[w.ladicdn.com/s750x800/5e16a86c3ca8ae1542baa56c/63254422802d7a73233c-20200605093228.jpg]
[connect.facebook.net/en_US/fbevents.js]
[www.angeltempation.com/index.html]
[connect.facebook.net/en_US/fbevents.js]
[w.ladicdn.com/v2/source/ladipage.min6f20.css]
[www.angeltempation.com/POST.html]
[www.angeltempation.com/POST.html]
