[www.pangea.net.vn/bigsale.html]
[backblue.gif]
[fade.gif]
[index.html]
[w.ladicdn.com/v2/source/ladipage.min3845.js]
[w.ladicdn.com/s350x950/5b657a311178bf771aa5972f/17580-20200311084225.jpg]
[img.youtube.com/vi/Q_MsZcXEuMc/hqdefault.jpg]
[w.ladicdn.com/s550x800/5b657a311178bf771aa5972f/e59b3a56d42f2e71773e-20200425025737.jpg]
[w.ladicdn.com_443/5b657a311178bf771aa5972f/sp-20200430152638.png]
[w.ladicdn.com/s550x800/5b657a311178bf771aa5972f/45026ac384ba7ee427ab-20200425025727.jpg]
[w.ladicdn.com/s550x800/5b657a311178bf771aa5972f/b7db1610f86902375b78-20200425025747.jpg]
[w.ladicdn.com/s550x800/5b657a311178bf771aa5972f/6ffe5a32b44b4e15175a-20200425025758.jpg]
[w.ladicdn.com/s650x650/5b657a311178bf771aa5972f/a591adca7efa85a4dceb-20200425014458.jpg]
[w.ladicdn.com/s750x750/5b657a311178bf771aa5972f/dsdsds-20200424163311.jpg]
[w.ladicdn.com/s2350x1550/5b657a311178bf771aa5972f/17580-20200311084225.jpg]
[w.ladicdn.com/s600x450/5b657a311178bf771aa5972f/cup-20200311085856.png]
[w.ladicdn.com/s173x58/5b657a311178bf771aa5972f/dat-hang-20200313034059.png]
[w.ladicdn.com/s1150x500/5b657a311178bf771aa5972f/tt-20200312085246.png]
[w.ladicdn.com/s600x450/5b657a311178bf771aa5972f/9ecbf162561bac45f50a-20200425022348.jpg]
[img.youtube.com/vi/HBT2sgh8-FA/hqdefault.jpg]
[w.ladicdn.com/s800x800/5b657a311178bf771aa5972f/e62edd81fba901f758b8-20200504024305.jpg]
[w.ladicdn.com/s800x800/5b657a311178bf771aa5972f/218678fb9fd2658c3cc3-20200504015657.jpg]
[w.ladicdn.com/s650x500/5b657a311178bf771aa5972f/9ecbf162561bac45f50a-20200425022348.jpg]
[w.ladicdn.com/s550x550/5b657a311178bf771aa5972f/3-20200424182634.png]
[w.ladicdn.com/s550x550/5b657a311178bf771aa5972f/1-20200424182634.png]
[w.ladicdn.com/s550x550/5b657a311178bf771aa5972f/2-20200424182634.png]
[w.ladicdn.com/s800x800/5b657a311178bf771aa5972f/bccf16d89ea164ff3db0-20200425024134.jpg]
[img.youtube.com/vi/DWwq4PachZ4/hqdefault.jpg]
[w.ladicdn.com/s800x800/5b657a311178bf771aa5972f/d805d8be34c7ce9997d6-20200425030403.jpg]
[img.youtube.com/vi/u20kRWGgVoM/hqdefault.jpg]
[w.ladicdn.com/s650x650/5b657a311178bf771aa5972f/d667067655632af7528985d53006d9250431651d-20200425041440.jpg]
[w.ladicdn.com/s1500x950/5b657a311178bf771aa5972f/ce3cf731f84a02145b5b-20200425070402.jpg]
[w.ladicdn.com/s2250x950/5b657a311178bf771aa5972f/0a98aed8a4a35efd07b2-20200425070642.jpg]
[w.ladicdn.com/s1300x800/5b657a311178bf771aa5972f/12c-20200425071843.png]
[w.ladicdn.com/s1550x950/5b657a311178bf771aa5972f/vg-20200425072157.png]
[w.ladicdn.com/s1300x800/5b657a311178bf771aa5972f/221-20200425072242.png]
[w.ladicdn.com/s2550x1150/5b657a311178bf771aa5972f/0a98aed8a4a35efd07b2-20200425070642.jpg]
[w.ladicdn.com/s1200x750/5b657a311178bf771aa5972f/m1-20200425074402.png]
[w.ladicdn.com/s1100x700/5b657a311178bf771aa5972f/m2-20200425074403.png]
[w.ladicdn.com/s400x400/5b657a311178bf771aa5972f/nguyen-dang-phong-20200424104520.jpg]
[w.ladicdn.com/s400x400/5b657a311178bf771aa5972f/93055852_1305322056333711_2045882000430071808_o-20200429041656.jpg]
[w.ladicdn.com/s400x400/5b657a311178bf771aa5972f/80284823_159041695404209_484684181725511680_n-20200429044329.jpg]
[w.ladicdn.com/s400x350/5b657a311178bf771aa5972f/793aa457332ac974903b-20200429044554.jpg]
[w.ladicdn.com/s400x350/5b657a311178bf771aa5972f/6a412c2cbb51410f1840-20200429044750.jpg]
[w.ladicdn.com/s400x400/5b657a311178bf771aa5972f/87144473_122690225961720_5061914009704333312_n-20200429045655.jpg]
[w.ladicdn.com/s350x350/5b657a311178bf771aa5972f/3675458370928accd383-20200429065150.jpg]
[w.ladicdn.com/s400x400/5b657a311178bf771aa5972f/67693359_2227648297347921_1427777292469272576_o-20200429065715.jpg]
[w.ladicdn.com/s400x400/5b657a311178bf771aa5972f/83885341_118145706392640_5172015380373176320_n-20200429072137.jpg]
[w.ladicdn.com/s450x500/5b657a311178bf771aa5972f/92277129_128766718730089_7419276457303605248_n-20200429072301.jpg]
[w.ladicdn.com/s450x500/5b657a311178bf771aa5972f/93088144_128768282063266_7588549609589309440_o-20200429072301.jpg]
[w.ladicdn.com/s500x600/5b657a311178bf771aa5972f/b07967ee268d76c02cc368aeb7caa54801a207f5-20200429074244.jpg]
[w.ladicdn.com/s400x400/5b657a311178bf771aa5972f/91244245_636849286891867_1232688509106520064_o-20200429075414.jpg]
[w.ladicdn.com/s400x400/5b657a311178bf771aa5972f/93412134_2440288712950774_8878350781321838592_n-20200429080640.jpg]
[w.ladicdn.com/s400x400/5b657a311178bf771aa5972f/18620306_1947702948782664_6404932336099375838_n-20200429081353.jpg]
[w.ladicdn.com/s400x400/5b657a311178bf771aa5972f/87382767_217472449373086_3327177156936597504_n-20200429082814.jpg]
[w.ladicdn.com/s550x550/5b657a311178bf771aa5972f/seo-loi-20200429155757.png]
[w.ladicdn.com/s550x550/5b657a311178bf771aa5972f/seo-ro-20200429155757.png]
[w.ladicdn.com/s550x550/5b657a311178bf771aa5972f/seo-tham-20200429155757.png]
[w.ladicdn.com/s450x450/5b657a311178bf771aa5972f/price-tag-logo-png-3-20200429161313.png]
[w.ladicdn.com/s1050x650/5b657a311178bf771aa5972f/mau-20200429163200.png]
[w.ladicdn.com/s600x450/5b657a311178bf771aa5972f/unnamed-20200430153455.png]
[w.ladicdn.com/s600x600/5b657a311178bf771aa5972f/untitled-1-20200430154209.png]
[w.ladicdn.com/s1450x900/5b657a311178bf771aa5972f/lo-20200425074631.png]
[w.ladicdn.com/5b657a311178bf771aa5972f/giphy-20200503085132.gif]
[w.ladicdn.com/s1550x900/5b657a311178bf771aa5972f/m2-20200425074403.png]
[w.ladicdn.com/s800x800/5b657a311178bf771aa5972f/63fae5a4938c69d2309d-20200504032706.jpg]
[w.ladicdn.com/s800x800/5b657a311178bf771aa5972f/42daf28484ac7ef227bd-20200504032706.jpg]
[w.ladicdn.com/s900x600/5b657a311178bf771aa5972f/tt-20200312085246.png]
[w.ladicdn.com/s650x650/5b657a311178bf771aa5972f/nen1-20200313035337.jpg]
[w.ladicdn.com/s650x650/5b657a311178bf771aa5972f/105ec65b4b73b12de862-20200504035303.jpg]
[w.ladicdn.com/s350x350/5b657a311178bf771aa5972f/google-logo-vector-28387554-20200424091542.jpg]
[w.ladicdn.com/s350x350/5b657a311178bf771aa5972f/unnamed-1-20200424091507.png]
[w.ladicdn.com/s350x350/5b657a311178bf771aa5972f/unnamed-20200424091507.png]
[w.ladicdn.com/s750x600/57b167c9ca57d39c18a1c57c/-yitveg020200512084630.jpg]
[w.ladicdn.com/s800x750/5b657a311178bf771aa5972f/d475f9adcd10374e6e01-20200528021508.jpg]
[w.ladicdn.com/s750x750/5b657a311178bf771aa5972f/421dbc69b1d44b8a12c5-20200528021508.jpg]
[w.ladicdn.com/s750x750/5b657a311178bf771aa5972f/557e89a4bd1947471e08-20200528021508.jpg]
[w.ladicdn.com/s750x850/5b657a311178bf771aa5972f/7cda9900adbd57e30eac-20200528021508.jpg]
[w.ladicdn.com/s350x1300/5b657a311178bf771aa5972f/17580-20200311084225.jpg]
[w.ladicdn.com/s500x750/5b657a311178bf771aa5972f/e59b3a56d42f2e71773e-20200425025737.jpg]
[w.ladicdn.com/s500x750/5b657a311178bf771aa5972f/45026ac384ba7ee427ab-20200425025727.jpg]
[w.ladicdn.com/s500x750/5b657a311178bf771aa5972f/b7db1610f86902375b78-20200425025747.jpg]
[w.ladicdn.com/s500x750/5b657a311178bf771aa5972f/6ffe5a32b44b4e15175a-20200425025758.jpg]
[w.ladicdn.com/s550x550/5b657a311178bf771aa5972f/a591adca7efa85a4dceb-20200425014458.jpg]
[w.ladicdn.com/s700x700/5b657a311178bf771aa5972f/dsdsds-20200424163311.jpg]
[w.ladicdn.com/s750x550/5b657a311178bf771aa5972f/17580-20200311084225.jpg]
[w.ladicdn.com/s800x600/5b657a311178bf771aa5972f/cup-20200311085856.png]
[w.ladicdn.com/s204x69/5b657a311178bf771aa5972f/dat-hang-20200313034059.png]
[w.ladicdn.com/s800x400/5b657a311178bf771aa5972f/tt-20200312085246.png]
[w.ladicdn.com/s500x450/5b657a311178bf771aa5972f/9ecbf162561bac45f50a-20200425022348.jpg]
[w.ladicdn.com/s700x750/5b657a311178bf771aa5972f/e62edd81fba901f758b8-20200504024305.jpg]
[w.ladicdn.com/s700x800/5b657a311178bf771aa5972f/218678fb9fd2658c3cc3-20200504015657.jpg]
[w.ladicdn.com/s450x450/5b657a311178bf771aa5972f/3-20200424182634.png]
[w.ladicdn.com/s450x450/5b657a311178bf771aa5972f/1-20200424182634.png]
[w.ladicdn.com/s450x450/5b657a311178bf771aa5972f/2-20200424182634.png]
[w.ladicdn.com/s700x750/5b657a311178bf771aa5972f/bccf16d89ea164ff3db0-20200425024134.jpg]
[w.ladicdn.com/s700x750/5b657a311178bf771aa5972f/d805d8be34c7ce9997d6-20200425030403.jpg]
[w.ladicdn.com/s500x550/5b657a311178bf771aa5972f/d667067655632af7528985d53006d9250431651d-20200425041440.jpg]
[w.ladicdn.com/s800x550/5b657a311178bf771aa5972f/ce3cf731f84a02145b5b-20200425070402.jpg]
[w.ladicdn.com/s750x750/5b657a311178bf771aa5972f/0a98aed8a4a35efd07b2-20200425070642.jpg]
[w.ladicdn.com/s750x550/5b657a311178bf771aa5972f/12c-20200425071843.png]
[w.ladicdn.com/s1150x750/5b657a311178bf771aa5972f/vg-20200425072157.png]
[w.ladicdn.com/s1100x700/5b657a311178bf771aa5972f/221-20200425072242.png]
[w.ladicdn.com/s1450x900/5b657a311178bf771aa5972f/m1-20200425074402.png]
[w.ladicdn.com/s1250x800/5b657a311178bf771aa5972f/m2-20200425074403.png]
[w.ladicdn.com/s350x350/5b657a311178bf771aa5972f/80284823_159041695404209_484684181725511680_n-20200429044329.jpg]
[w.ladicdn.com/s450x450/5b657a311178bf771aa5972f/92277129_128766718730089_7419276457303605248_n-20200429072301.jpg]
[w.ladicdn.com/s450x500/5b657a311178bf771aa5972f/b07967ee268d76c02cc368aeb7caa54801a207f5-20200429074244.jpg]
[w.ladicdn.com/s900x600/5b657a311178bf771aa5972f/mau-20200429163200.png]
[w.ladicdn.com/s800x550/5b657a311178bf771aa5972f/lo-20200425074631.png]
[w.ladicdn.com/s750x750/5b657a311178bf771aa5972f/63fae5a4938c69d2309d-20200504032706.jpg]
[w.ladicdn.com/s750x750/5b657a311178bf771aa5972f/42daf28484ac7ef227bd-20200504032706.jpg]
[w.ladicdn.com/s750x400/5b657a311178bf771aa5972f/tt-20200312085246.png]
[w.ladicdn.com/s700x600/5b657a311178bf771aa5972f/nen1-20200313035337.jpg]
[w.ladicdn.com/s750x700/5b657a311178bf771aa5972f/d475f9adcd10374e6e01-20200528021508.jpg]
[w.ladicdn.com/s750x700/5b657a311178bf771aa5972f/421dbc69b1d44b8a12c5-20200528021508.jpg]
[w.ladicdn.com/s750x700/5b657a311178bf771aa5972f/557e89a4bd1947471e08-20200528021508.jpg]
[w.ladicdn.com/s750x800/5b657a311178bf771aa5972f/7cda9900adbd57e30eac-20200528021508.jpg]
[connect.facebook.net/en_US/fbevents.js]
[analytics.tiktok.com/i18n/pixel/sdk5073.js]
[www.pangea.net.vn/bigsale.html]
[connect.facebook.net/en_US/fbevents.js]
[w.ladicdn.com/v2/source/ladipage.min3845.css]
[www.pangea.net.vn/POST.html]
[www.pangea.net.vn/POST.html]
