[www.phukienso360.online/series3.html]
[backblue.gif]
[fade.gif]
[index.html]
[w.ladicdn.com_443/5cea593f15996d0e096ba3c8/73970c892d748c7507db8e10d71535b0-apple-logo-icon-by-vexels-20200201102150.png]
[w.ladicdn.com/v2/source/ladipage.min2519.js]
[w.ladicdn.com/s1440x876/5cea593f15996d0e096ba3c8/67086227_700702990371459_1515947782735659008_n-1563246894.jpg]
[w.ladicdn.com/uploads/images/1e9c173b-c062-4762-9f45-532d130fca1a.jpg]
[w.ladicdn.com/s800x800/5cea593f15996d0e096ba3c8/61338043_424474491441880_2415358125436567552_n-1568468548.jpg]
[w.ladicdn.com/s800x800/5cea593f15996d0e096ba3c8/67287099_103868280953723_3434920118113533952_n-20191117150940.jpg]
[w.ladicdn.com/s800x800/5cea593f15996d0e096ba3c8/82654157_3430387943697884_2039529327187460096_o-20200205161709.jpg]
[w.ladicdn.com/s800x800/5cea593f15996d0e096ba3c8/goldapplewatch-20191109182005.jpg]
[w.ladicdn.com/s1050x1050/5cea593f15996d0e096ba3c8/steel-lte-milanese-9c3a3050-52f8-4e4f-b250-b6b61e5b674d-20191201131918.png]
[w.ladicdn.com/s1000x550/5cea593f15996d0e096ba3c8/66753053_367042757343626_7358831484171452416_n-1563246894.jpg]
[w.ladicdn.com/s750x900/5cea593f15996d0e096ba3c8/82120900_2589443684443998_7881460726999547904_n-20200104183746.jpg]
[w.ladicdn.com/s750x850/5cea593f15996d0e096ba3c8/83038724_3430387797031232_1601218843659730944_o-20200205161553.jpg]
[w.ladicdn.com/s1300x950/5cea593f15996d0e096ba3c8/tinh-nang-2-1563169028.png]
[w.ladicdn.com/s1300x950/5cea593f15996d0e096ba3c8/tinh-nang-1-1563169027.png]
[w.ladicdn.com/s1200x700/5cea593f15996d0e096ba3c8/497__n7-1563169330.jpg]
[w.ladicdn.com/s1050x700/5cea593f15996d0e096ba3c8/tinh-nang-3-1563169027.png]
[w.ladicdn.com/s1150x750/5cea593f15996d0e096ba3c8/tinh-nang-4-1563169490.png]
[w.ladicdn.com/s750x750/5cea593f15996d0e096ba3c8/61338043_424474491441880_2415358125436567552_n-1568468548.jpg]
[w.ladicdn.com/s900x700/5cea593f15996d0e096ba3c8/chong-nuoc-1563169028.png]
[w.ladicdn.com/s1000x750/5cea593f15996d0e096ba3c8/99209dc57aee9cbf37daff5c853e01cc-1563169027.png]
[w.ladicdn.com/s1200x1200/5cea593f15996d0e096ba3c8/3sp-1563172979.png]
[w.ladicdn.com/s1100x600/5cea593f15996d0e096ba3c8/66753053_367042757343626_7358831484171452416_n-1563246894.jpg]
[w.ladicdn.com/s800x650/5cea593f15996d0e096ba3c8/goldapplewatch-20191109182005.jpg]
[w.ladicdn.com/s400x400/5cea593f15996d0e096ba3c8/tai-xuong-20191105040818-20191117134756.png]
[w.ladicdn.com/s400x400/5cea593f15996d0e096ba3c8/giaohang_grande-20191105040611-20191117134756.png]
[w.ladicdn.com/s400x400/5cea593f15996d0e096ba3c8/baohanh-20191105041004-20191117134755.jpg]
[w.ladicdn.com/uploads/images/21b3f62c-3c5e-4312-95da-2869dc60934e.jpg]
[w.ladicdn.com/s500x500/5cea593f15996d0e096ba3c8/56604897_2257775081218466_3669919919434104832_o-20200203113456.jpg]
[w.ladicdn.com/s500x500/5cea593f15996d0e096ba3c8/67887873_767540916995135_7671234292747337728_o-20200506171118.jpg]
[w.ladicdn.com/s800x800/5cea593f15996d0e096ba3c8/72053097_1401351026687102_6226489332543258624_n-20200204155600.jpg]
[w.ladicdn.com/s900x900/5cea593f15996d0e096ba3c8/67287099_103868280953723_3434920118113533952_n-20191117150940.jpg]
[w.ladicdn.com/s750x900/5cea593f15996d0e096ba3c8/82654157_3430387943697884_2039529327187460096_o-20200205161709.jpg]
[w.ladicdn.com/s500x500/5cea593f15996d0e096ba3c8/86653852_622744371871554_4933211414849388544_n-20200219185330.jpg]
[w.ladicdn.com/s500x500/5cea593f15996d0e096ba3c8/92507437_1000178473731739_1496396627747799040_o-20200506171455.jpg]
[w.ladicdn.com/s768x177/5cea593f15996d0e096ba3c8/67086227_700702990371459_1515947782735659008_n-1563246894.jpg]
[w.ladicdn.com/s700x700/5cea593f15996d0e096ba3c8/61338043_424474491441880_2415358125436567552_n-1568468548.jpg]
[w.ladicdn.com/s700x700/5cea593f15996d0e096ba3c8/67287099_103868280953723_3434920118113533952_n-20191117150940.jpg]
[w.ladicdn.com/s700x700/5cea593f15996d0e096ba3c8/goldapplewatch-20191109182005.jpg]
[w.ladicdn.com/s700x800/5cea593f15996d0e096ba3c8/82654157_3430387943697884_2039529327187460096_o-20200205161709.jpg]
[w.ladicdn.com/s700x700/5cea593f15996d0e096ba3c8/steel-lte-milanese-9c3a3050-52f8-4e4f-b250-b6b61e5b674d-20191201131918.png]
[w.ladicdn.com/s750x450/5cea593f15996d0e096ba3c8/66753053_367042757343626_7358831484171452416_n-1563246894.jpg]
[w.ladicdn.com/s700x850/5cea593f15996d0e096ba3c8/82120900_2589443684443998_7881460726999547904_n-20200104183746.jpg]
[w.ladicdn.com/s700x800/5cea593f15996d0e096ba3c8/83038724_3430387797031232_1601218843659730944_o-20200205161553.jpg]
[w.ladicdn.com/s700x650/5cea593f15996d0e096ba3c8/61338043_424474491441880_2415358125436567552_n-1568468548.jpg]
[w.ladicdn.com/s700x550/5cea593f15996d0e096ba3c8/tinh-nang-2-1563169028.png]
[w.ladicdn.com/s700x550/5cea593f15996d0e096ba3c8/tinh-nang-1-1563169027.png]
[w.ladicdn.com/s750x500/5cea593f15996d0e096ba3c8/497__n7-1563169330.jpg]
[w.ladicdn.com/s750x550/5cea593f15996d0e096ba3c8/tinh-nang-3-1563169027.png]
[w.ladicdn.com/s800x550/5cea593f15996d0e096ba3c8/tinh-nang-4-1563169490.png]
[w.ladicdn.com/s650x550/5cea593f15996d0e096ba3c8/99209dc57aee9cbf37daff5c853e01cc-1563169027.png]
[w.ladicdn.com/s700x600/5cea593f15996d0e096ba3c8/chong-nuoc-1563169028.png]
[w.ladicdn.com/s700x700/5cea593f15996d0e096ba3c8/3sp-1563172979.png]
[w.ladicdn.com/s700x550/5cea593f15996d0e096ba3c8/goldapplewatch-20191109182005.jpg]
[w.ladicdn.com/s700x700/5cea593f15996d0e096ba3c8/72053097_1401351026687102_6226489332543258624_n-20200204155600.jpg]
[w.ladicdn.com/s700x750/5cea593f15996d0e096ba3c8/67287099_103868280953723_3434920118113533952_n-20191117150940.jpg]
[w.ladicdn.com/s700x750/5cea593f15996d0e096ba3c8/82654157_3430387943697884_2039529327187460096_o-20200205161709.jpg]
[connect.facebook.net/en_US/fbevents.js]
[www.phukienso360.online/series3.html]
[connect.facebook.net/en_US/fbevents.js]
[w.ladicdn.com/v2/source/ladipage.min2519.css]
[www.phukienso360.online/POST.html]
[www.phukienso360.online/POST.html]
